2025-05-30 11:35:25 INFO  SuiteSetup:32 - Configured Logger File
2025-05-30 11:35:27 INFO  ObjectRepository:19 - Login page object created
2025-05-30 11:35:27 INFO  Projects:37 - unable to click on academia to industry tab
2025-05-30 11:58:41 INFO  SuiteSetup:36 - Configured Logger File
2025-05-30 11:58:47 INFO  ObjectRepository:19 - Login page object created
2025-05-30 11:58:47 INFO  Projects:37 - unable to click on academia to industry tab
2025-05-30 12:21:57 INFO  SuiteSetup:36 - Configured Logger File
2025-05-30 12:22:05 INFO  ObjectRepository:19 - Login page object created
2025-05-30 12:22:05 INFO  Projects:37 - unable to click on academia to industry tab
2025-05-30 12:24:41 INFO  SuiteSetup:36 - Configured Logger File
2025-05-30 12:24:46 INFO  ObjectRepository:19 - Login page object created
2025-05-30 12:24:46 INFO  Projects:37 - unable to click on academia to industry tab
2025-05-30 12:26:39 INFO  SuiteSetup:36 - Configured Logger File
2025-05-30 12:26:43 INFO  ObjectRepository:19 - Login page object created
2025-05-30 12:26:43 INFO  Projects:37 - unable to click on academia to industry tab
2025-05-30 12:41:46 INFO  SuiteSetup:36 - Configured Logger File
2025-05-30 12:41:49 INFO  ObjectRepository:19 - Login page object created
2025-05-30 12:41:52 INFO  ExtentReportListener:26 - URL launched: https://eoi.coditas.org/
2025-05-30 12:41:52 INFO  Projects:37 - unable to click on academia to industry tab
2025-05-30 12:46:29 INFO  SuiteSetup:36 - Configured Logger File
2025-05-30 12:46:32 INFO  ObjectRepository:19 - Login page object created
2025-05-30 12:46:34 INFO  ExtentReportListener:26 - URL launched: https://eoi.coditas.org/
2025-05-30 12:46:35 INFO  Projects:35 - clicked on academia to industry tab
2025-05-30 12:47:17 INFO  SuiteSetup:36 - Configured Logger File
2025-05-30 12:47:20 INFO  ObjectRepository:19 - Login page object created
2025-05-30 12:47:21 INFO  ExtentReportListener:26 - URL launched: https://eoi.coditas.org/
2025-05-30 12:47:22 INFO  Projects:35 - clicked on academia to industry tab
2025-05-30 15:06:47 INFO  SuiteSetup:36 - Configured Logger File
2025-05-30 15:06:57 INFO  ObjectRepository:19 - Login page object created
2025-05-30 15:06:57 INFO  ExtentReportListener:26 - URL launched: https://eoi.coditas.org/
2025-05-30 15:07:00 INFO  Projects:35 - clicked on academia to industry tab
2025-06-02 18:27:11 INFO  SuiteSetup:36 - Configured Logger File
2025-06-02 18:27:16 INFO  ObjectRepository:19 - Login page object created
2025-06-02 18:27:21 INFO  ExtentReportListener:26 - URL launched: https://eoi.coditas.org/
2025-06-02 18:27:23 INFO  Projects:35 - clicked on academia to industry tab
2025-06-02 22:14:08 INFO  SuiteSetup:36 - Configured Logger File
2025-06-02 22:14:26 INFO  ObjectRepository:19 - Login page object created
2025-06-02 22:14:31 INFO  ExtentReportListener:26 - URL launched: https://eoi.coditas.org/
2025-06-02 22:14:32 INFO  Projects:40 - clicked on academia to industry tab
2025-06-02 22:17:13 INFO  Projects:50 - clicked on new chemical tab
2025-06-02 22:20:07 INFO  SuiteSetup:36 - Configured Logger File
2025-06-02 22:20:15 INFO  ObjectRepository:19 - Login page object created
2025-06-02 22:20:22 INFO  ExtentReportListener:26 - URL launched: https://eoi.coditas.org/
2025-06-02 22:20:23 INFO  Projects:40 - clicked on academia to industry tab
2025-06-02 22:20:24 INFO  Projects:50 - clicked on new chemical tab
2025-07-06 22:56:01 INFO  SuiteSetup:36 - Configured Logger File
2025-07-06 22:56:10 INFO  ObjectRepository:21 - Login page object created
2025-07-06 22:56:11 INFO  ExtentReportListener:36 - URL launched: https://eoi.coditas.org/
2025-07-06 22:56:12 INFO  Projects:47 - clicked on applicant sign up/sign in button
2025-07-06 23:20:12 INFO  SuiteSetup:37 - Configured Logger File
2025-07-06 23:20:15 INFO  ObjectRepository:21 - Login page object created
2025-07-06 23:20:15 INFO  ObjectRepository:30 - Login page object created
2025-07-06 23:20:16 INFO  ExtentReportListener:45 - URL launched: https://eoi.coditas.org/
2025-07-06 23:20:17 INFO  Projects:47 - clicked on applicant sign up/sign in button
2025-07-06 23:20:18 INFO  EntitySignIn:36 - clicked on Entity locker sign in button
2025-07-06 23:20:21 INFO  EntitySignIn:46 - Entered mobile number: 8149260522
2025-07-06 23:20:21 INFO  EntitySignIn:55 - Clicked on Next button
2025-07-06 23:20:22 INFO  EntitySignIn:64 - Entered profile pin: 747259
2025-07-06 23:20:23 INFO  EntitySignIn:55 - Clicked on Next button
2025-07-06 23:20:30 ERROR EntitySignIn:75 - Failed to enter OTP: null
2025-07-06 23:22:14 INFO  SuiteSetup:37 - Configured Logger File
2025-07-06 23:22:16 INFO  ObjectRepository:21 - Login page object created
2025-07-06 23:22:16 INFO  ObjectRepository:30 - Login page object created
2025-07-06 23:22:17 INFO  ExtentReportListener:45 - URL launched: https://eoi.coditas.org/
2025-07-06 23:22:18 INFO  Projects:47 - clicked on applicant sign up/sign in button
2025-07-06 23:22:18 INFO  EntitySignIn:36 - clicked on Entity locker sign in button
2025-07-06 23:22:21 INFO  EntitySignIn:46 - Entered mobile number: 8149260522
2025-07-06 23:22:21 INFO  EntitySignIn:55 - Clicked on Next button
2025-07-06 23:22:22 INFO  EntitySignIn:64 - Entered profile pin: 747259
2025-07-06 23:22:22 INFO  EntitySignIn:55 - Clicked on Next button
2025-07-06 23:22:34 INFO  EntitySignIn:73 - Entered OTP: 120346
2025-07-06 23:26:48 INFO  SuiteSetup:37 - Configured Logger File
2025-07-06 23:26:51 INFO  ObjectRepository:21 - Login page object created
2025-07-06 23:26:51 INFO  ObjectRepository:30 - Login page object created
2025-07-06 23:26:53 INFO  ExtentReportListener:45 - URL launched: https://eoi.coditas.org/
2025-07-06 23:26:54 INFO  Projects:47 - clicked on applicant sign up/sign in button
2025-07-06 23:26:54 INFO  EntitySignIn:38 - clicked on Entity locker sign in button
2025-07-06 23:26:58 INFO  EntitySignIn:48 - Entered mobile number: 8149260522
2025-07-06 23:26:58 INFO  EntitySignIn:57 - Clicked on Next button
2025-07-06 23:26:59 INFO  EntitySignIn:66 - Entered profile pin: 747259
2025-07-06 23:27:00 INFO  EntitySignIn:57 - Clicked on Next button
2025-07-06 23:27:11 INFO  EntitySignIn:75 - Entered OTP: 120346
2025-07-06 23:27:16 INFO  EntitySignIn:84 - Clicked on OTP submit button
2025-07-06 23:27:34 INFO  SuiteSetup:37 - Configured Logger File
2025-07-06 23:27:36 INFO  ObjectRepository:21 - Login page object created
2025-07-06 23:27:36 INFO  ObjectRepository:30 - Login page object created
2025-07-06 23:27:37 INFO  ExtentReportListener:45 - URL launched: https://eoi.coditas.org/
2025-07-06 23:27:38 INFO  Projects:47 - clicked on applicant sign up/sign in button
2025-07-06 23:27:38 INFO  EntitySignIn:38 - clicked on Entity locker sign in button
2025-07-06 23:27:41 INFO  EntitySignIn:48 - Entered mobile number: 8149260522
2025-07-06 23:27:42 INFO  EntitySignIn:57 - Clicked on Next button
2025-07-06 23:27:42 INFO  EntitySignIn:66 - Entered profile pin: 747259
2025-07-06 23:27:45 INFO  EntitySignIn:57 - Clicked on Next button
2025-07-06 23:28:04 ERROR EntitySignIn:77 - Failed to enter OTP: null
2025-07-06 23:29:00 INFO  SuiteSetup:37 - Configured Logger File
2025-07-06 23:29:02 INFO  ObjectRepository:21 - Login page object created
2025-07-06 23:29:02 INFO  ObjectRepository:30 - Login page object created
2025-07-06 23:29:03 INFO  ExtentReportListener:45 - URL launched: https://eoi.coditas.org/
2025-07-06 23:29:04 INFO  Projects:47 - clicked on applicant sign up/sign in button
2025-07-06 23:29:04 INFO  EntitySignIn:38 - clicked on Entity locker sign in button
2025-07-06 23:29:08 INFO  EntitySignIn:48 - Entered mobile number: 8149260522
2025-07-06 23:29:08 INFO  EntitySignIn:57 - Clicked on Next button
2025-07-06 23:29:09 INFO  EntitySignIn:66 - Entered profile pin: 747259
2025-07-06 23:29:09 INFO  EntitySignIn:57 - Clicked on Next button
2025-07-06 23:29:21 ERROR EntitySignIn:77 - Failed to enter OTP: null
2025-07-07 00:30:45 INFO  SuiteSetup:37 - Configured Logger File
2025-07-07 00:30:48 INFO  ObjectRepository:21 - Login page object created
2025-07-07 00:30:48 INFO  ObjectRepository:30 - Login page object created
2025-07-07 00:30:52 INFO  ExtentReportListener:45 - URL launched: https://eoi.coditas.org/
2025-07-07 00:30:53 INFO  Projects:47 - clicked on applicant sign up/sign in button
2025-07-07 00:30:53 INFO  EntitySignIn:38 - clicked on Entity locker sign in button
2025-07-07 00:30:57 INFO  EntitySignIn:48 - Entered mobile number: 8149260522
2025-07-07 00:30:57 INFO  EntitySignIn:57 - Clicked on Next button
2025-07-07 00:30:58 INFO  EntitySignIn:66 - Entered profile pin: 747259
2025-07-07 00:31:03 INFO  EntitySignIn:57 - Clicked on Next button
2025-07-07 00:31:34 ERROR EntitySignIn:77 - Failed to enter OTP: null
2025-07-07 00:37:09 INFO  SuiteSetup:37 - Configured Logger File
2025-07-07 00:37:12 INFO  ObjectRepository:21 - Login page object created
2025-07-07 00:37:12 INFO  ObjectRepository:30 - Login page object created
2025-07-07 00:37:13 INFO  ExtentReportListener:45 - URL launched: https://eoi.coditas.org/
2025-07-07 00:37:14 INFO  Projects:47 - clicked on applicant sign up/sign in button
2025-07-07 00:37:14 INFO  EntitySignIn:38 - clicked on Entity locker sign in button
2025-07-07 00:37:17 INFO  EntitySignIn:48 - Entered mobile number: 8149260522
2025-07-07 00:37:18 INFO  EntitySignIn:57 - Clicked on Next button
2025-07-07 00:37:19 INFO  EntitySignIn:66 - Entered profile pin: 747259
2025-07-07 00:37:22 INFO  EntitySignIn:57 - Clicked on Next button
2025-07-07 00:37:32 ERROR EntitySignIn:87 - Failed to check if OTP input is displayed: no such element: Unable to locate element: {"method":"css selector","selector":"#a_otp_1"}
  (Session info: chrome=137.0.7151.122)
For documentation on this error, please visit: https://www.selenium.dev/documentation/webdriver/troubleshooting/errors#no-such-element-exception
Build info: version: '4.33.0', revision: '2c6aaad03a'
System info: os.name: 'Windows 10', os.arch: 'amd64', os.version: '10.0', java.version: '17.0.0.1'
Driver info: org.openqa.selenium.chrome.ChromeDriver
Command: [57d512de9dad8a0a07dc8e20a156c1d4, findElement {value=a_otp_1, using=id}]
Capabilities {acceptInsecureCerts: false, browserName: chrome, browserVersion: 137.0.7151.122, chrome: {chromedriverVersion: 137.0.7151.119 (e0ac9d12dff..., userDataDir: C:\Users\CODITA~1\AppData\L...}, fedcm:accounts: true, goog:chromeOptions: {debuggerAddress: localhost:56115}, networkConnectionEnabled: false, pageLoadStrategy: normal, platformName: windows, proxy: Proxy(), se:cdp: ws://localhost:56115/devtoo..., se:cdpVersion: 137.0.7151.122, setWindowRect: true, strictFileInteractability: false, timeouts: {implicit: 0, pageLoad: 300000, script: 30000}, unhandledPromptBehavior: dismiss and notify, webauthn:extension:credBlob: true, webauthn:extension:largeBlob: true, webauthn:extension:minPinLength: true, webauthn:extension:prf: true, webauthn:virtualAuthenticators: true}
Session ID: 57d512de9dad8a0a07dc8e20a156c1d4
2025-07-07 00:42:07 INFO  SuiteSetup:37 - Configured Logger File
2025-07-07 00:42:09 INFO  ObjectRepository:21 - Login page object created
2025-07-07 00:42:09 INFO  ObjectRepository:30 - Login page object created
2025-07-07 00:42:10 INFO  ExtentReportListener:45 - URL launched: https://eoi.coditas.org/
2025-07-07 00:42:11 INFO  Projects:47 - clicked on applicant sign up/sign in button
2025-07-07 00:42:11 INFO  EntitySignIn:40 - clicked on Entity locker sign in button
2025-07-07 00:42:15 INFO  EntitySignIn:50 - Entered mobile number: 8149260522
2025-07-07 00:42:16 INFO  EntitySignIn:59 - Clicked on Next button
2025-07-07 00:42:16 INFO  EntitySignIn:68 - Entered profile pin: 747259
2025-07-07 00:42:20 INFO  EntitySignIn:59 - Clicked on Next button
2025-07-07 00:42:31 INFO  EntitySignIn:89 - OTP input not displayed (optional): no such element: Unable to locate element: {"method":"css selector","selector":"#a_otp_1"}
  (Session info: chrome=137.0.7151.122)
For documentation on this error, please visit: https://www.selenium.dev/documentation/webdriver/troubleshooting/errors#no-such-element-exception
Build info: version: '4.33.0', revision: '2c6aaad03a'
System info: os.name: 'Windows 10', os.arch: 'amd64', os.version: '10.0', java.version: '17.0.0.1'
Driver info: org.openqa.selenium.chrome.ChromeDriver
Command: [ac6fa59792aea2a33318b8f0fe216e01, findElement {value=a_otp_1, using=id}]
Capabilities {acceptInsecureCerts: false, browserName: chrome, browserVersion: 137.0.7151.122, chrome: {chromedriverVersion: 137.0.7151.119 (e0ac9d12dff..., userDataDir: C:\Users\CODITA~1\AppData\L...}, fedcm:accounts: true, goog:chromeOptions: {debuggerAddress: localhost:56534}, networkConnectionEnabled: false, pageLoadStrategy: normal, platformName: windows, proxy: Proxy(), se:cdp: ws://localhost:56534/devtoo..., se:cdpVersion: 137.0.7151.122, setWindowRect: true, strictFileInteractability: false, timeouts: {implicit: 0, pageLoad: 300000, script: 30000}, unhandledPromptBehavior: dismiss and notify, webauthn:extension:credBlob: true, webauthn:extension:largeBlob: true, webauthn:extension:minPinLength: true, webauthn:extension:prf: true, webauthn:virtualAuthenticators: true}
Session ID: ac6fa59792aea2a33318b8f0fe216e01
2025-07-07 00:50:44 INFO  SuiteSetup:37 - Configured Logger File
2025-07-07 00:50:47 INFO  ObjectRepository:21 - Login page object created
2025-07-07 00:50:47 INFO  ObjectRepository:30 - Login page object created
2025-07-07 00:50:47 INFO  ExtentReportListener:45 - URL launched: https://eoi.coditas.org/
2025-07-07 00:50:49 INFO  Projects:47 - clicked on applicant sign up/sign in button
2025-07-07 00:50:49 INFO  EntitySignIn:40 - clicked on Entity locker sign in button
2025-07-07 00:50:52 INFO  EntitySignIn:50 - Entered mobile number: 8149260522
2025-07-07 00:50:52 INFO  EntitySignIn:59 - Clicked on Next button
2025-07-07 00:50:52 INFO  EntitySignIn:68 - Entered profile pin: 747259
2025-07-07 00:50:56 INFO  EntitySignIn:59 - Clicked on Next button
2025-07-07 00:51:06 INFO  EntitySignIn:89 - OTP input not displayed : no such element: Unable to locate element: {"method":"css selector","selector":"#a_otp_1"}
  (Session info: chrome=137.0.7151.122)
For documentation on this error, please visit: https://www.selenium.dev/documentation/webdriver/troubleshooting/errors#no-such-element-exception
Build info: version: '4.33.0', revision: '2c6aaad03a'
System info: os.name: 'Windows 10', os.arch: 'amd64', os.version: '10.0', java.version: '17.0.0.1'
Driver info: org.openqa.selenium.chrome.ChromeDriver
Command: [39e749a4e9076d9ac4f41537b3e6d6cc, findElement {value=a_otp_1, using=id}]
Capabilities {acceptInsecureCerts: false, browserName: chrome, browserVersion: 137.0.7151.122, chrome: {chromedriverVersion: 137.0.7151.119 (e0ac9d12dff..., userDataDir: C:\Users\CODITA~1\AppData\L...}, fedcm:accounts: true, goog:chromeOptions: {debuggerAddress: localhost:59398}, networkConnectionEnabled: false, pageLoadStrategy: normal, platformName: windows, proxy: Proxy(), se:cdp: ws://localhost:59398/devtoo..., se:cdpVersion: 137.0.7151.122, setWindowRect: true, strictFileInteractability: false, timeouts: {implicit: 0, pageLoad: 300000, script: 30000}, unhandledPromptBehavior: dismiss and notify, webauthn:extension:credBlob: true, webauthn:extension:largeBlob: true, webauthn:extension:minPinLength: true, webauthn:extension:prf: true, webauthn:virtualAuthenticators: true}
Session ID: 39e749a4e9076d9ac4f41537b3e6d6cc
2025-07-07 00:57:47 INFO  SuiteSetup:37 - Configured Logger File
2025-07-07 00:57:49 INFO  ObjectRepository:21 - Login page object created
2025-07-07 00:57:49 INFO  ObjectRepository:30 - Login page object created
2025-07-07 00:57:50 INFO  ExtentReportListener:45 - URL launched: https://eoi.coditas.org/
2025-07-07 00:57:51 INFO  Projects:47 - clicked on applicant sign up/sign in button
2025-07-07 00:57:51 INFO  EntitySignIn:40 - clicked on Entity locker sign in button
2025-07-07 00:57:54 INFO  EntitySignIn:50 - Entered mobile number: 8149260522
2025-07-07 00:57:54 INFO  EntitySignIn:59 - Clicked on Next button
2025-07-07 00:57:55 INFO  EntitySignIn:68 - Entered profile pin: 747259
2025-07-07 00:57:58 INFO  EntitySignIn:59 - Clicked on Next button
2025-07-07 00:58:08 INFO  EntitySignIn:89 - OTP input not displayed : no such element: Unable to locate element: {"method":"css selector","selector":"#a_otp_1"}
  (Session info: chrome=137.0.7151.122)
For documentation on this error, please visit: https://www.selenium.dev/documentation/webdriver/troubleshooting/errors#no-such-element-exception
Build info: version: '4.33.0', revision: '2c6aaad03a'
System info: os.name: 'Windows 10', os.arch: 'amd64', os.version: '10.0', java.version: '17.0.0.1'
Driver info: org.openqa.selenium.chrome.ChromeDriver
Command: [6aabd0ce81614a9d2a7de7d682ca88a3, findElement {using=id, value=a_otp_1}]
Capabilities {acceptInsecureCerts: false, browserName: chrome, browserVersion: 137.0.7151.122, chrome: {chromedriverVersion: 137.0.7151.119 (e0ac9d12dff..., userDataDir: C:\Users\CODITA~1\AppData\L...}, fedcm:accounts: true, goog:chromeOptions: {debuggerAddress: localhost:59946}, networkConnectionEnabled: false, pageLoadStrategy: normal, platformName: windows, proxy: Proxy(), se:cdp: ws://localhost:59946/devtoo..., se:cdpVersion: 137.0.7151.122, setWindowRect: true, strictFileInteractability: false, timeouts: {implicit: 0, pageLoad: 300000, script: 30000}, unhandledPromptBehavior: dismiss and notify, webauthn:extension:credBlob: true, webauthn:extension:largeBlob: true, webauthn:extension:minPinLength: true, webauthn:extension:prf: true, webauthn:virtualAuthenticators: true}
Session ID: 6aabd0ce81614a9d2a7de7d682ca88a3
2025-07-07 00:58:08 INFO  ExtentReportListener:45 - Test Passed: Login
2025-07-07 14:06:42 INFO  SuiteSetup:38 - Configured Logger File
2025-07-07 14:06:47 INFO  ObjectRepository:22 - Login page object created
2025-07-07 14:06:47 INFO  ObjectRepository:31 - Login page object created
2025-07-07 14:06:47 INFO  ObjectRepository:40 - Dashboard page object created
2025-07-07 14:06:48 INFO  ExtentReportListener:45 - URL launched: https://eoi.coditas.org/
2025-07-07 14:06:49 INFO  Projects:47 - clicked on applicant sign up/sign in button
2025-07-07 14:06:49 INFO  EntitySignIn:40 - clicked on Entity locker sign in button
2025-07-07 14:06:51 INFO  EntitySignIn:50 - Entered mobile number: 8149260522
2025-07-07 14:06:51 INFO  EntitySignIn:59 - Clicked on Next button
2025-07-07 14:06:51 INFO  EntitySignIn:68 - Entered profile pin: 747259
2025-07-07 14:06:55 INFO  EntitySignIn:59 - Clicked on Next button
2025-07-07 14:07:05 INFO  EntitySignIn:89 - OTP input not displayed : no such element: Unable to locate element: {"method":"css selector","selector":"#a_otp_1"}
  (Session info: chrome=137.0.7151.122)
For documentation on this error, please visit: https://www.selenium.dev/documentation/webdriver/troubleshooting/errors#no-such-element-exception
Build info: version: '4.33.0', revision: '2c6aaad03a'
System info: os.name: 'Windows 10', os.arch: 'amd64', os.version: '10.0', java.version: '17.0.0.1'
Driver info: org.openqa.selenium.chrome.ChromeDriver
Command: [9b9729fa09f40f3ed53d9245ebcd7342, findElement {using=id, value=a_otp_1}]
Capabilities {acceptInsecureCerts: false, browserName: chrome, browserVersion: 137.0.7151.122, chrome: {chromedriverVersion: 137.0.7151.119 (e0ac9d12dff..., userDataDir: C:\Users\CODITA~1\AppData\L...}, fedcm:accounts: true, goog:chromeOptions: {debuggerAddress: localhost:59712}, networkConnectionEnabled: false, pageLoadStrategy: normal, platformName: windows, proxy: Proxy(), se:cdp: ws://localhost:59712/devtoo..., se:cdpVersion: 137.0.7151.122, setWindowRect: true, strictFileInteractability: false, timeouts: {implicit: 0, pageLoad: 300000, script: 30000}, unhandledPromptBehavior: dismiss and notify, webauthn:extension:credBlob: true, webauthn:extension:largeBlob: true, webauthn:extension:minPinLength: true, webauthn:extension:prf: true, webauthn:virtualAuthenticators: true}
Session ID: 9b9729fa09f40f3ed53d9245ebcd7342
2025-07-07 14:07:05 INFO  ExtentReportListener:45 - Test Passed: Login
2025-07-07 14:07:05 INFO  Dashboard:31 - Clicked on Create Project
2025-07-07 14:07:08 INFO  Dashboard:40 - Entered project name: Development of a Scalable and Secure Cloud-Native Platform for Real-Time Analytics, Monitoring, and Automated Decision-Making Across Industries     650
2025-07-07 14:07:08 INFO  Dashboard:49 - Clicked on Save button
2025-07-07 14:07:08 INFO  ExtentReportListener:45 - Test Passed: CreateProject
2025-07-07 14:07:52 INFO  SuiteSetup:38 - Configured Logger File
2025-07-07 14:07:55 INFO  ObjectRepository:22 - Login page object created
2025-07-07 14:07:55 INFO  ObjectRepository:31 - Login page object created
2025-07-07 14:07:55 INFO  ObjectRepository:40 - Dashboard page object created
2025-07-07 14:07:56 INFO  ExtentReportListener:45 - URL launched: https://eoi.coditas.org/
2025-07-07 14:07:57 INFO  Projects:47 - clicked on applicant sign up/sign in button
2025-07-07 14:07:57 INFO  EntitySignIn:40 - clicked on Entity locker sign in button
2025-07-07 14:07:58 INFO  EntitySignIn:50 - Entered mobile number: 8149260522
2025-07-07 14:07:59 INFO  EntitySignIn:59 - Clicked on Next button
2025-07-07 14:07:59 INFO  EntitySignIn:68 - Entered profile pin: 747259
2025-07-07 14:08:02 INFO  EntitySignIn:59 - Clicked on Next button
2025-07-07 14:08:12 INFO  EntitySignIn:89 - OTP input not displayed : no such element: Unable to locate element: {"method":"css selector","selector":"#a_otp_1"}
  (Session info: chrome=137.0.7151.122)
For documentation on this error, please visit: https://www.selenium.dev/documentation/webdriver/troubleshooting/errors#no-such-element-exception
Build info: version: '4.33.0', revision: '2c6aaad03a'
System info: os.name: 'Windows 10', os.arch: 'amd64', os.version: '10.0', java.version: '17.0.0.1'
Driver info: org.openqa.selenium.chrome.ChromeDriver
Command: [fa2200ca4cbf7b35cd90944c1770ebc1, findElement {using=id, value=a_otp_1}]
Capabilities {acceptInsecureCerts: false, browserName: chrome, browserVersion: 137.0.7151.122, chrome: {chromedriverVersion: 137.0.7151.119 (e0ac9d12dff..., userDataDir: C:\Users\CODITA~1\AppData\L...}, fedcm:accounts: true, goog:chromeOptions: {debuggerAddress: localhost:59847}, networkConnectionEnabled: false, pageLoadStrategy: normal, platformName: windows, proxy: Proxy(), se:cdp: ws://localhost:59847/devtoo..., se:cdpVersion: 137.0.7151.122, setWindowRect: true, strictFileInteractability: false, timeouts: {implicit: 0, pageLoad: 300000, script: 30000}, unhandledPromptBehavior: dismiss and notify, webauthn:extension:credBlob: true, webauthn:extension:largeBlob: true, webauthn:extension:minPinLength: true, webauthn:extension:prf: true, webauthn:virtualAuthenticators: true}
Session ID: fa2200ca4cbf7b35cd90944c1770ebc1
2025-07-07 14:08:12 INFO  ExtentReportListener:45 - Test Passed: Login
2025-07-07 14:08:13 INFO  Dashboard:31 - Clicked on Create Project
2025-07-07 14:08:15 INFO  Dashboard:40 - Entered project name: Development of a Scalable and Secure Cloud-Native Platform for Real-Time Analytics, Monitoring, and Automated Decision-Making Across Industries  29
2025-07-07 14:08:15 INFO  Dashboard:49 - Clicked on Save button
2025-07-07 14:08:15 INFO  ExtentReportListener:45 - Test Passed: CreateProject
2025-07-07 16:50:42 INFO  SuiteSetup:40 - Configured Logger File
2025-07-07 16:50:47 INFO  ObjectRepository:24 - Login page object created
2025-07-07 16:50:47 INFO  ObjectRepository:33 - Login page object created
2025-07-07 16:50:47 INFO  ObjectRepository:42 - Dashboard page object created
2025-07-07 16:50:47 INFO  ObjectRepository:51 - Step1 page object created
2025-07-07 16:50:48 INFO  ExtentReportListener:45 - URL launched: https://eoi.coditas.org/
2025-07-07 16:50:49 INFO  Projects:47 - clicked on applicant sign up/sign in button
2025-07-07 16:50:49 INFO  EntitySignIn:40 - clicked on Entity locker sign in button
2025-07-07 16:50:53 INFO  EntitySignIn:50 - Entered mobile number: 8149260522
2025-07-07 16:50:54 INFO  EntitySignIn:59 - Clicked on Next button
2025-07-07 16:50:54 INFO  EntitySignIn:68 - Entered profile pin: 747259
2025-07-07 16:50:54 INFO  EntitySignIn:59 - Clicked on Next button
2025-07-07 16:51:04 INFO  EntitySignIn:89 - OTP input not displayed : no such element: Unable to locate element: {"method":"css selector","selector":"#a_otp_1"}
  (Session info: chrome=137.0.7151.122)
For documentation on this error, please visit: https://www.selenium.dev/documentation/webdriver/troubleshooting/errors#no-such-element-exception
Build info: version: '4.33.0', revision: '2c6aaad03a'
System info: os.name: 'Windows 10', os.arch: 'amd64', os.version: '10.0', java.version: '17.0.0.1'
Driver info: org.openqa.selenium.chrome.ChromeDriver
Command: [7934505bb11529758f57cea1e17ec206, findElement {using=id, value=a_otp_1}]
Capabilities {acceptInsecureCerts: false, browserName: chrome, browserVersion: 137.0.7151.122, chrome: {chromedriverVersion: 137.0.7151.119 (e0ac9d12dff..., userDataDir: C:\Users\CODITA~1\AppData\L...}, fedcm:accounts: true, goog:chromeOptions: {debuggerAddress: localhost:57394}, networkConnectionEnabled: false, pageLoadStrategy: normal, platformName: windows, proxy: Proxy(), se:cdp: ws://localhost:57394/devtoo..., se:cdpVersion: 137.0.7151.122, setWindowRect: true, strictFileInteractability: false, timeouts: {implicit: 0, pageLoad: 300000, script: 30000}, unhandledPromptBehavior: dismiss and notify, webauthn:extension:credBlob: true, webauthn:extension:largeBlob: true, webauthn:extension:minPinLength: true, webauthn:extension:prf: true, webauthn:virtualAuthenticators: true}
Session ID: 7934505bb11529758f57cea1e17ec206
2025-07-07 16:51:04 INFO  ExtentReportListener:45 - Test Passed: Login
2025-07-07 16:51:05 INFO  Dashboard:31 - Clicked on Create Project
2025-07-07 16:51:07 INFO  Dashboard:40 - Entered project name: Development of a Scalable and Secure Cloud-Native Platform for Real-Time Analytics, Monitoring, and Automated Decision-Making Across Industries  680
2025-07-07 16:51:07 INFO  Dashboard:49 - Clicked on Save button
2025-07-07 16:51:07 INFO  ExtentReportListener:45 - Test Passed: CreateProject
2025-07-07 16:51:28 INFO  Step1:96 - Failed to enter PAN: AAAAA0000AA
2025-07-07 16:53:36 INFO  SuiteSetup:40 - Configured Logger File
2025-07-07 16:53:40 INFO  ObjectRepository:24 - Login page object created
2025-07-07 16:53:40 INFO  ObjectRepository:33 - Login page object created
2025-07-07 16:53:40 INFO  ObjectRepository:42 - Dashboard page object created
2025-07-07 16:53:40 INFO  ObjectRepository:51 - Step1 page object created
2025-07-07 16:53:40 INFO  ExtentReportListener:45 - URL launched: https://eoi.coditas.org/
2025-07-07 16:53:41 INFO  Projects:47 - clicked on applicant sign up/sign in button
2025-07-07 16:53:42 INFO  EntitySignIn:40 - clicked on Entity locker sign in button
2025-07-07 16:53:43 INFO  EntitySignIn:50 - Entered mobile number: 8149260522
2025-07-07 16:53:44 INFO  EntitySignIn:59 - Clicked on Next button
2025-07-07 16:53:44 INFO  EntitySignIn:68 - Entered profile pin: 747259
2025-07-07 16:53:47 INFO  EntitySignIn:59 - Clicked on Next button
2025-07-07 16:53:57 INFO  EntitySignIn:89 - OTP input not displayed : no such element: Unable to locate element: {"method":"css selector","selector":"#a_otp_1"}
  (Session info: chrome=137.0.7151.122)
For documentation on this error, please visit: https://www.selenium.dev/documentation/webdriver/troubleshooting/errors#no-such-element-exception
Build info: version: '4.33.0', revision: '2c6aaad03a'
System info: os.name: 'Windows 10', os.arch: 'amd64', os.version: '10.0', java.version: '17.0.0.1'
Driver info: org.openqa.selenium.chrome.ChromeDriver
Command: [71ac986d9a6b7d3cc71371745c352220, findElement {value=a_otp_1, using=id}]
Capabilities {acceptInsecureCerts: false, browserName: chrome, browserVersion: 137.0.7151.122, chrome: {chromedriverVersion: 137.0.7151.119 (e0ac9d12dff..., userDataDir: C:\Users\CODITA~1\AppData\L...}, fedcm:accounts: true, goog:chromeOptions: {debuggerAddress: localhost:57719}, networkConnectionEnabled: false, pageLoadStrategy: normal, platformName: windows, proxy: Proxy(), se:cdp: ws://localhost:57719/devtoo..., se:cdpVersion: 137.0.7151.122, setWindowRect: true, strictFileInteractability: false, timeouts: {implicit: 0, pageLoad: 300000, script: 30000}, unhandledPromptBehavior: dismiss and notify, webauthn:extension:credBlob: true, webauthn:extension:largeBlob: true, webauthn:extension:minPinLength: true, webauthn:extension:prf: true, webauthn:virtualAuthenticators: true}
Session ID: 71ac986d9a6b7d3cc71371745c352220
2025-07-07 16:53:57 INFO  ExtentReportListener:45 - Test Passed: Login
2025-07-07 16:53:57 INFO  Dashboard:31 - Clicked on Create Project
2025-07-07 16:54:00 INFO  Dashboard:40 - Entered project name: Development of a Scalable and Secure Cloud-Native Platform for Real-Time Analytics, Monitoring, and Automated Decision-Making Across Industries  995
2025-07-07 16:54:00 INFO  Dashboard:49 - Clicked on Save button
2025-07-07 16:54:00 INFO  ExtentReportListener:45 - Test Passed: CreateProject
2025-07-07 16:54:01 INFO  Step1:94 - Entered PAN: AAAAA0000AA
2025-07-07 16:54:01 INFO  ExtentReportListener:45 - Test Passed: CreateProjectWithInvalidData
2025-07-07 17:53:14 INFO  SuiteSetup:40 - Configured Logger File
2025-07-07 17:53:19 INFO  ObjectRepository:24 - Login page object created
2025-07-07 17:53:19 INFO  ObjectRepository:33 - Login page object created
2025-07-07 17:53:19 INFO  ObjectRepository:42 - Dashboard page object created
2025-07-07 17:53:19 INFO  ObjectRepository:51 - Step1 page object created
2025-07-07 17:53:19 INFO  ExtentReportListener:45 - URL launched: https://eoi.coditas.org/
2025-07-07 17:53:20 INFO  Projects:47 - clicked on applicant sign up/sign in button
2025-07-07 17:53:21 INFO  EntitySignIn:40 - clicked on Entity locker sign in button
2025-07-07 17:53:23 INFO  EntitySignIn:50 - Entered mobile number: 8149260522
2025-07-07 17:53:24 INFO  EntitySignIn:59 - Clicked on Next button
2025-07-07 17:53:24 INFO  EntitySignIn:68 - Entered profile pin: 747259
2025-07-07 17:53:28 INFO  EntitySignIn:59 - Clicked on Next button
2025-07-07 17:53:39 INFO  EntitySignIn:89 - OTP input not displayed : no such element: Unable to locate element: {"method":"css selector","selector":"#a_otp_1"}
  (Session info: chrome=137.0.7151.122)
For documentation on this error, please visit: https://www.selenium.dev/documentation/webdriver/troubleshooting/errors#no-such-element-exception
Build info: version: '4.33.0', revision: '2c6aaad03a'
System info: os.name: 'Windows 10', os.arch: 'amd64', os.version: '10.0', java.version: '17.0.0.1'
Driver info: org.openqa.selenium.chrome.ChromeDriver
Command: [a0dbd53dd7db8823b46967a892a987d6, findElement {value=a_otp_1, using=id}]
Capabilities {acceptInsecureCerts: false, browserName: chrome, browserVersion: 137.0.7151.122, chrome: {chromedriverVersion: 137.0.7151.119 (e0ac9d12dff..., userDataDir: C:\Users\CODITA~1\AppData\L...}, fedcm:accounts: true, goog:chromeOptions: {debuggerAddress: localhost:57127}, networkConnectionEnabled: false, pageLoadStrategy: normal, platformName: windows, proxy: Proxy(), se:cdp: ws://localhost:57127/devtoo..., se:cdpVersion: 137.0.7151.122, setWindowRect: true, strictFileInteractability: false, timeouts: {implicit: 0, pageLoad: 300000, script: 30000}, unhandledPromptBehavior: dismiss and notify, webauthn:extension:credBlob: true, webauthn:extension:largeBlob: true, webauthn:extension:minPinLength: true, webauthn:extension:prf: true, webauthn:virtualAuthenticators: true}
Session ID: a0dbd53dd7db8823b46967a892a987d6
2025-07-07 17:53:39 INFO  ExtentReportListener:45 - Test Passed: Login
2025-07-07 17:53:39 INFO  Dashboard:31 - Clicked on Create Project
2025-07-07 17:53:42 INFO  Dashboard:40 - Entered project name: Development of a Scalable and Secure Cloud-Native Platform for Real-Time Analytics, Monitoring, and Automated Decision-Making Across Industries  837
2025-07-07 17:53:42 INFO  Dashboard:49 - Clicked on Save button
2025-07-07 17:53:42 INFO  ExtentReportListener:45 - Test Passed: CreateProject
2025-07-07 17:53:43 INFO  Step1:95 - Entered PAN: AAAAA0000AA
2025-07-07 17:53:43 INFO  ExtentReportListener:45 - Test Passed: CreateProjectWithInvalidData
2025-08-27 16:26:25 INFO  SuiteSetup:40 - Configured Logger File
2025-08-27 16:26:50 INFO  ObjectRepository:24 - Login page object created
2025-08-27 16:26:50 INFO  ObjectRepository:33 - Login page object created
2025-08-27 16:26:50 INFO  ObjectRepository:42 - Dashboard page object created
2025-08-27 16:26:50 INFO  ObjectRepository:51 - Step1 page object created
2025-08-27 16:26:52 INFO  ExtentReportListener:45 - URL launched: https://eoi.coditas.org/
2025-08-27 16:26:53 INFO  Projects:47 - clicked on applicant sign up/sign in button
2025-08-27 16:26:54 INFO  EntitySignIn:40 - clicked on Entity locker sign in button
2025-08-27 16:26:58 INFO  EntitySignIn:50 - Entered mobile number: 8149260522
2025-08-27 16:26:59 INFO  EntitySignIn:59 - Clicked on Next button
2025-08-27 16:26:59 INFO  EntitySignIn:68 - Entered profile pin: 747259
2025-08-27 16:26:59 INFO  EntitySignIn:59 - Clicked on Next button
2025-08-27 16:27:01 INFO  EntitySignIn:86 - OTP input field is displayed: true
2025-08-27 16:27:13 INFO  EntitySignIn:77 - Entered OTP: 199561
2025-08-27 16:27:17 INFO  EntitySignIn:100 - Clicked on OTP submit button
2025-08-27 16:27:17 INFO  ExtentReportListener:45 - Test Passed: Login
2025-08-27 16:30:04 INFO  Dashboard:32 - Clicked on Create Project
2025-08-27 16:30:05 INFO  Dashboard:41 - Entered project name: Development of a Scalable and Secure Cloud-Native Platform for Real-Time Analytics, Monitoring, and Automated Decision-Making Across Industries  889
2025-08-27 16:30:05 INFO  Dashboard:50 - Clicked on Save button
2025-08-27 16:30:05 INFO  ExtentReportListener:45 - Test Passed: CreateProject
2025-08-27 16:30:08 INFO  Step1:95 - Entered PAN: AAAAA0000AA
2025-08-27 16:30:08 INFO  ExtentReportListener:45 - Test Passed: CreateProjectWithInvalidData
2025-09-04 12:10:19 INFO  SuiteSetup:54 - Configured Logger File
2025-09-04 13:31:52 INFO  SuiteSetup:53 - Configured Logger File
2025-09-04 13:32:00 INFO  ObjectRepository:23 - Login page object created
2025-09-04 13:32:00 INFO  ObjectRepository:32 - Login page object created
2025-09-04 13:32:00 INFO  ObjectRepository:41 - Dashboard page object created
2025-09-04 13:32:00 INFO  ObjectRepository:50 - Step1 page object created
2025-09-04 13:32:03 INFO  ExtentReportListener:43 - URL launched: https://eoi.coditas.org/
2025-09-04 13:32:04 INFO  Projects:47 - clicked on applicant sign up/sign in button
2025-09-04 13:32:05 INFO  EntitySignIn:40 - clicked on Entity locker sign in button
2025-09-04 13:32:07 INFO  EntitySignIn:50 - Entered mobile number: 8149260522
2025-09-04 13:32:08 INFO  EntitySignIn:59 - Clicked on Next button
2025-09-04 13:32:08 INFO  EntitySignIn:68 - Entered profile pin: 747259
2025-09-04 13:32:09 INFO  EntitySignIn:59 - Clicked on Next button
2025-09-04 13:32:09 INFO  EntitySignIn:86 - OTP input field is displayed: true
2025-09-04 13:32:26 INFO  EntitySignIn:77 - Entered OTP: 934971
2025-09-04 13:32:29 INFO  EntitySignIn:100 - Clicked on OTP submit button
2025-09-04 13:32:29 INFO  ExtentReportListener:45 - Test Passed: Login
2025-09-04 13:34:25 INFO  Dashboard:34 - Failed to click on Create Project: null
2025-09-04 13:34:33 INFO  SuiteSetup:53 - Configured Logger File
2025-09-04 13:34:36 INFO  ObjectRepository:23 - Login page object created
2025-09-04 13:34:36 INFO  ObjectRepository:32 - Login page object created
2025-09-04 13:34:36 INFO  ObjectRepository:41 - Dashboard page object created
2025-09-04 13:34:36 INFO  ObjectRepository:50 - Step1 page object created
2025-09-04 13:34:39 INFO  ExtentReportListener:43 - URL launched: https://eoi.coditas.org/
2025-09-04 13:34:40 INFO  Projects:47 - clicked on applicant sign up/sign in button
2025-09-04 13:34:41 INFO  EntitySignIn:40 - clicked on Entity locker sign in button
2025-09-04 13:34:43 INFO  EntitySignIn:50 - Entered mobile number: 8149260522
2025-09-04 13:34:44 INFO  EntitySignIn:59 - Clicked on Next button
2025-09-04 13:34:44 INFO  EntitySignIn:68 - Entered profile pin: 747259
2025-09-04 13:34:47 INFO  EntitySignIn:59 - Clicked on Next button
2025-09-04 13:34:57 INFO  EntitySignIn:89 - OTP input not displayed : no such element: Unable to locate element: {"method":"css selector","selector":"#a_otp_1"}
  (Session info: chrome=139.0.7258.155)
For documentation on this error, please visit: https://www.selenium.dev/documentation/webdriver/troubleshooting/errors#no-such-element-exception
Build info: version: '4.33.0', revision: '2c6aaad03a'
System info: os.name: 'Windows 10', os.arch: 'amd64', os.version: '10.0', java.version: '17.0.16'
Driver info: org.openqa.selenium.chrome.ChromeDriver
Command: [2fe8d50631a9aedb9120c247c6b05da9, findElement {value=a_otp_1, using=id}]
Capabilities {acceptInsecureCerts: false, browserName: chrome, browserVersion: 139.0.7258.155, chrome: {chromedriverVersion: 139.0.7258.154 (9e0d6b2b47f..., userDataDir: C:\Users\CODITA~1\AppData\L...}, fedcm:accounts: true, goog:chromeOptions: {debuggerAddress: localhost:61837}, networkConnectionEnabled: false, pageLoadStrategy: normal, platformName: windows, proxy: Proxy(), se:cdp: ws://localhost:61837/devtoo..., se:cdpVersion: 139.0.7258.155, setWindowRect: true, strictFileInteractability: false, timeouts: {implicit: 0, pageLoad: 300000, script: 30000}, unhandledPromptBehavior: dismiss and notify, webauthn:extension:credBlob: true, webauthn:extension:largeBlob: true, webauthn:extension:minPinLength: true, webauthn:extension:prf: true, webauthn:virtualAuthenticators: true}
Session ID: 2fe8d50631a9aedb9120c247c6b05da9
2025-09-04 13:34:57 INFO  ExtentReportListener:45 - Test Passed: Login
2025-09-04 13:34:57 INFO  Dashboard:32 - Clicked on Create Project
2025-09-04 13:34:58 INFO  Dashboard:41 - Entered project name: Development of a Scalable and Secure Cloud-Native Platform for Real-Time Analytics, Monitoring, and Automated Decision-Making Across Industries  666
2025-09-04 13:34:58 INFO  Dashboard:50 - Clicked on Save button
2025-09-04 13:34:58 INFO  ExtentReportListener:45 - Test Passed: CreateProject
2025-09-04 13:35:12 INFO  SuiteSetup:53 - Configured Logger File
2025-09-04 13:35:16 INFO  ObjectRepository:23 - Login page object created
2025-09-04 13:35:16 INFO  ObjectRepository:32 - Login page object created
2025-09-04 13:35:16 INFO  ObjectRepository:41 - Dashboard page object created
2025-09-04 13:35:16 INFO  ObjectRepository:50 - Step1 page object created
2025-09-04 13:35:18 INFO  ExtentReportListener:43 - URL launched: https://eoi.coditas.org/
2025-09-04 13:35:19 INFO  Projects:47 - clicked on applicant sign up/sign in button
2025-09-04 13:35:20 INFO  EntitySignIn:40 - clicked on Entity locker sign in button
2025-09-04 13:35:22 INFO  EntitySignIn:50 - Entered mobile number: 8149260522
2025-09-04 13:35:23 INFO  EntitySignIn:59 - Clicked on Next button
2025-09-04 13:35:23 INFO  EntitySignIn:68 - Entered profile pin: 747259
2025-09-04 13:35:25 INFO  EntitySignIn:59 - Clicked on Next button
2025-09-04 13:35:35 INFO  EntitySignIn:89 - OTP input not displayed : no such element: Unable to locate element: {"method":"css selector","selector":"#a_otp_1"}
  (Session info: chrome=139.0.7258.155)
For documentation on this error, please visit: https://www.selenium.dev/documentation/webdriver/troubleshooting/errors#no-such-element-exception
Build info: version: '4.33.0', revision: '2c6aaad03a'
System info: os.name: 'Windows 10', os.arch: 'amd64', os.version: '10.0', java.version: '17.0.16'
Driver info: org.openqa.selenium.chrome.ChromeDriver
Command: [87020094652b0a9c36922899e1a98dab, findElement {using=id, value=a_otp_1}]
Capabilities {acceptInsecureCerts: false, browserName: chrome, browserVersion: 139.0.7258.155, chrome: {chromedriverVersion: 139.0.7258.154 (9e0d6b2b47f..., userDataDir: C:\Users\CODITA~1\AppData\L...}, fedcm:accounts: true, goog:chromeOptions: {debuggerAddress: localhost:61948}, networkConnectionEnabled: false, pageLoadStrategy: normal, platformName: windows, proxy: Proxy(), se:cdp: ws://localhost:61948/devtoo..., se:cdpVersion: 139.0.7258.155, setWindowRect: true, strictFileInteractability: false, timeouts: {implicit: 0, pageLoad: 300000, script: 30000}, unhandledPromptBehavior: dismiss and notify, webauthn:extension:credBlob: true, webauthn:extension:largeBlob: true, webauthn:extension:minPinLength: true, webauthn:extension:prf: true, webauthn:virtualAuthenticators: true}
Session ID: 87020094652b0a9c36922899e1a98dab
2025-09-04 13:35:35 INFO  ExtentReportListener:45 - Test Passed: Login
2025-09-04 13:35:36 INFO  Dashboard:32 - Clicked on Create Project
2025-09-04 13:35:36 INFO  Dashboard:41 - Entered project name: Development of a Scalable and Secure Cloud-Native Platform for Real-Time Analytics, Monitoring, and Automated Decision-Making Across Industries  98
2025-09-04 13:35:37 INFO  Dashboard:50 - Clicked on Save button
2025-09-04 13:35:37 INFO  ExtentReportListener:45 - Test Passed: CreateProject
2025-09-04 13:36:33 INFO  SuiteSetup:53 - Configured Logger File
2025-09-04 13:36:37 INFO  ObjectRepository:23 - Login page object created
2025-09-04 13:36:37 INFO  ObjectRepository:32 - Login page object created
2025-09-04 13:36:37 INFO  ObjectRepository:41 - Dashboard page object created
2025-09-04 13:36:37 INFO  ObjectRepository:50 - Step1 page object created
2025-09-04 13:36:39 INFO  ExtentReportListener:43 - URL launched: https://eoi.coditas.org/
2025-09-04 13:36:40 INFO  Projects:47 - clicked on applicant sign up/sign in button
2025-09-04 13:36:42 INFO  EntitySignIn:40 - clicked on Entity locker sign in button
2025-09-04 13:36:44 INFO  EntitySignIn:50 - Entered mobile number: 8149260522
2025-09-04 13:36:45 INFO  EntitySignIn:59 - Clicked on Next button
2025-09-04 13:36:45 INFO  EntitySignIn:68 - Entered profile pin: 747259
2025-09-04 13:36:47 INFO  EntitySignIn:59 - Clicked on Next button
2025-09-04 13:36:57 INFO  EntitySignIn:89 - OTP input not displayed : no such element: Unable to locate element: {"method":"css selector","selector":"#a_otp_1"}
  (Session info: chrome=139.0.7258.155)
For documentation on this error, please visit: https://www.selenium.dev/documentation/webdriver/troubleshooting/errors#no-such-element-exception
Build info: version: '4.33.0', revision: '2c6aaad03a'
System info: os.name: 'Windows 10', os.arch: 'amd64', os.version: '10.0', java.version: '17.0.16'
Driver info: org.openqa.selenium.chrome.ChromeDriver
Command: [735e6979b80053e941597917f6fca49b, findElement {using=id, value=a_otp_1}]
Capabilities {acceptInsecureCerts: false, browserName: chrome, browserVersion: 139.0.7258.155, chrome: {chromedriverVersion: 139.0.7258.154 (9e0d6b2b47f..., userDataDir: C:\Users\CODITA~1\AppData\L...}, fedcm:accounts: true, goog:chromeOptions: {debuggerAddress: localhost:62086}, networkConnectionEnabled: false, pageLoadStrategy: normal, platformName: windows, proxy: Proxy(), se:cdp: ws://localhost:62086/devtoo..., se:cdpVersion: 139.0.7258.155, setWindowRect: true, strictFileInteractability: false, timeouts: {implicit: 0, pageLoad: 300000, script: 30000}, unhandledPromptBehavior: dismiss and notify, webauthn:extension:credBlob: true, webauthn:extension:largeBlob: true, webauthn:extension:minPinLength: true, webauthn:extension:prf: true, webauthn:virtualAuthenticators: true}
Session ID: 735e6979b80053e941597917f6fca49b
2025-09-04 13:36:57 INFO  ExtentReportListener:45 - Test Passed: Login
2025-09-04 13:36:58 INFO  Dashboard:32 - Clicked on Create Project
2025-09-04 13:36:59 INFO  Dashboard:41 - Entered project name: Development of a Scalable and Secure Cloud-Native Platform for Real-Time Analytics, Monitoring, and Automated Decision-Making Across Industries  301
2025-09-04 13:36:59 INFO  Dashboard:50 - Clicked on Save button
2025-09-04 13:36:59 INFO  ExtentReportListener:45 - Test Passed: CreateProject
2025-09-04 13:42:15 INFO  SuiteSetup:53 - Configured Logger File
2025-09-04 13:42:18 INFO  ObjectRepository:23 - Login page object created
2025-09-04 13:42:18 INFO  ObjectRepository:32 - Login page object created
2025-09-04 13:42:18 INFO  ObjectRepository:41 - Dashboard page object created
2025-09-04 13:42:18 INFO  ObjectRepository:50 - Step1 page object created
2025-09-04 13:42:21 INFO  ExtentReportListener:43 - URL launched: https://eoi.coditas.org/
2025-09-04 13:42:22 INFO  Projects:47 - clicked on applicant sign up/sign in button
2025-09-04 13:42:23 INFO  EntitySignIn:40 - clicked on Entity locker sign in button
2025-09-04 13:42:26 INFO  EntitySignIn:50 - Entered mobile number: 8149260522
2025-09-04 13:42:27 INFO  EntitySignIn:59 - Clicked on Next button
2025-09-04 13:42:27 INFO  EntitySignIn:68 - Entered profile pin: 747259
2025-09-04 13:42:30 INFO  EntitySignIn:59 - Clicked on Next button
2025-09-04 13:42:41 INFO  EntitySignIn:89 - OTP input not displayed : no such element: Unable to locate element: {"method":"css selector","selector":"#a_otp_1"}
  (Session info: chrome=139.0.7258.155)
For documentation on this error, please visit: https://www.selenium.dev/documentation/webdriver/troubleshooting/errors#no-such-element-exception
Build info: version: '4.33.0', revision: '2c6aaad03a'
System info: os.name: 'Windows 10', os.arch: 'amd64', os.version: '10.0', java.version: '17.0.16'
Driver info: org.openqa.selenium.chrome.ChromeDriver
Command: [494809571df5b04ceaea08de2b0ee96a, findElement {using=id, value=a_otp_1}]
Capabilities {acceptInsecureCerts: false, browserName: chrome, browserVersion: 139.0.7258.155, chrome: {chromedriverVersion: 139.0.7258.154 (9e0d6b2b47f..., userDataDir: C:\Users\CODITA~1\AppData\L...}, fedcm:accounts: true, goog:chromeOptions: {debuggerAddress: localhost:62355}, networkConnectionEnabled: false, pageLoadStrategy: normal, platformName: windows, proxy: Proxy(), se:cdp: ws://localhost:62355/devtoo..., se:cdpVersion: 139.0.7258.155, setWindowRect: true, strictFileInteractability: false, timeouts: {implicit: 0, pageLoad: 300000, script: 30000}, unhandledPromptBehavior: dismiss and notify, webauthn:extension:credBlob: true, webauthn:extension:largeBlob: true, webauthn:extension:minPinLength: true, webauthn:extension:prf: true, webauthn:virtualAuthenticators: true}
Session ID: 494809571df5b04ceaea08de2b0ee96a
2025-09-04 13:42:41 INFO  ExtentReportListener:45 - Test Passed: Login
2025-09-04 13:42:41 INFO  Dashboard:32 - Clicked on Create Project
2025-09-04 13:42:42 INFO  Dashboard:41 - Entered project name: Development of a Scalable and Secure Cloud-Native Platform for Real-Time Analytics, Monitoring, and Automated Decision-Making Across Industries  310
2025-09-04 13:42:42 INFO  Dashboard:50 - Clicked on Save button
2025-09-04 13:42:42 INFO  ExtentReportListener:45 - Test Passed: CreateProject
2025-09-04 13:46:06 INFO  SuiteSetup:53 - Configured Logger File
2025-09-04 13:46:09 INFO  ObjectRepository:23 - Login page object created
2025-09-04 13:46:09 INFO  ObjectRepository:32 - Login page object created
2025-09-04 13:46:09 INFO  ObjectRepository:41 - Dashboard page object created
2025-09-04 13:46:09 INFO  ObjectRepository:50 - Step1 page object created
2025-09-04 13:46:12 INFO  ExtentReportListener:43 - URL launched: https://eoi.coditas.org/
2025-09-04 13:46:12 INFO  Projects:47 - clicked on applicant sign up/sign in button
2025-09-04 13:46:14 INFO  EntitySignIn:40 - clicked on Entity locker sign in button
2025-09-04 13:46:16 INFO  EntitySignIn:50 - Entered mobile number: 8149260522
2025-09-04 13:46:16 INFO  EntitySignIn:59 - Clicked on Next button
2025-09-04 13:46:17 INFO  EntitySignIn:68 - Entered profile pin: 747259
2025-09-04 13:46:20 INFO  EntitySignIn:59 - Clicked on Next button
2025-09-04 13:46:30 INFO  EntitySignIn:89 - OTP input not displayed : no such element: Unable to locate element: {"method":"css selector","selector":"#a_otp_1"}
  (Session info: chrome=139.0.7258.155)
For documentation on this error, please visit: https://www.selenium.dev/documentation/webdriver/troubleshooting/errors#no-such-element-exception
Build info: version: '4.33.0', revision: '2c6aaad03a'
System info: os.name: 'Windows 10', os.arch: 'amd64', os.version: '10.0', java.version: '17.0.16'
Driver info: org.openqa.selenium.chrome.ChromeDriver
Command: [4603073af04f3b285e9f2e041bd3dcac, findElement {value=a_otp_1, using=id}]
Capabilities {acceptInsecureCerts: false, browserName: chrome, browserVersion: 139.0.7258.155, chrome: {chromedriverVersion: 139.0.7258.154 (9e0d6b2b47f..., userDataDir: C:\Users\CODITA~1\AppData\L...}, fedcm:accounts: true, goog:chromeOptions: {debuggerAddress: localhost:62572}, networkConnectionEnabled: false, pageLoadStrategy: normal, platformName: windows, proxy: Proxy(), se:cdp: ws://localhost:62572/devtoo..., se:cdpVersion: 139.0.7258.155, setWindowRect: true, strictFileInteractability: false, timeouts: {implicit: 0, pageLoad: 300000, script: 30000}, unhandledPromptBehavior: dismiss and notify, webauthn:extension:credBlob: true, webauthn:extension:largeBlob: true, webauthn:extension:minPinLength: true, webauthn:extension:prf: true, webauthn:virtualAuthenticators: true}
Session ID: 4603073af04f3b285e9f2e041bd3dcac
2025-09-04 13:46:30 INFO  ExtentReportListener:45 - Test Passed: Login
2025-09-04 13:46:31 INFO  Dashboard:32 - Clicked on Create Project
2025-09-04 13:46:32 INFO  Dashboard:41 - Entered project name: Development of a Scalable and Secure Cloud-Native Platform for Real-Time Analytics, Monitoring, and Automated Decision-Making Across Industries  641
2025-09-04 13:46:32 INFO  Dashboard:50 - Clicked on Save button
2025-09-04 13:46:32 INFO  ExtentReportListener:45 - Test Passed: CreateProject
2025-09-04 13:48:45 INFO  SuiteSetup:54 - Configured Logger File
2025-09-04 13:48:48 INFO  ObjectRepository:23 - Login page object created
2025-09-04 13:48:48 INFO  ObjectRepository:32 - Login page object created
2025-09-04 13:48:48 INFO  ObjectRepository:41 - Dashboard page object created
2025-09-04 13:48:48 INFO  ObjectRepository:50 - Step1 page object created
2025-09-04 13:48:48 INFO  ObjectRepository:59 - Step2_Flow1 page object created
2025-09-04 13:48:59 INFO  ExtentReportListener:43 - URL launched: https://eoi.coditas.org/
2025-09-04 13:48:59 INFO  Projects:47 - clicked on applicant sign up/sign in button
2025-09-04 13:49:03 INFO  EntitySignIn:40 - clicked on Entity locker sign in button
2025-09-04 13:49:06 INFO  EntitySignIn:50 - Entered mobile number: 8149260522
2025-09-04 13:49:06 INFO  EntitySignIn:59 - Clicked on Next button
2025-09-04 13:49:07 INFO  EntitySignIn:68 - Entered profile pin: 747259
2025-09-04 13:49:09 INFO  EntitySignIn:59 - Clicked on Next button
2025-09-04 13:49:19 INFO  EntitySignIn:89 - OTP input not displayed : no such element: Unable to locate element: {"method":"css selector","selector":"#a_otp_1"}
  (Session info: chrome=139.0.7258.155)
For documentation on this error, please visit: https://www.selenium.dev/documentation/webdriver/troubleshooting/errors#no-such-element-exception
Build info: version: '4.33.0', revision: '2c6aaad03a'
System info: os.name: 'Windows 10', os.arch: 'amd64', os.version: '10.0', java.version: '17.0.16'
Driver info: org.openqa.selenium.chrome.ChromeDriver
Command: [643540e9b9477427488e732abcd2bcb3, findElement {using=id, value=a_otp_1}]
Capabilities {acceptInsecureCerts: false, browserName: chrome, browserVersion: 139.0.7258.155, chrome: {chromedriverVersion: 139.0.7258.154 (9e0d6b2b47f..., userDataDir: C:\Users\CODITA~1\AppData\L...}, fedcm:accounts: true, goog:chromeOptions: {debuggerAddress: localhost:62765}, networkConnectionEnabled: false, pageLoadStrategy: normal, platformName: windows, proxy: Proxy(), se:cdp: ws://localhost:62765/devtoo..., se:cdpVersion: 139.0.7258.155, setWindowRect: true, strictFileInteractability: false, timeouts: {implicit: 0, pageLoad: 300000, script: 30000}, unhandledPromptBehavior: dismiss and notify, webauthn:extension:credBlob: true, webauthn:extension:largeBlob: true, webauthn:extension:minPinLength: true, webauthn:extension:prf: true, webauthn:virtualAuthenticators: true}
Session ID: 643540e9b9477427488e732abcd2bcb3
2025-09-04 13:49:19 INFO  ExtentReportListener:45 - Test Passed: Login
2025-09-04 13:49:20 INFO  Dashboard:32 - Clicked on Create Project
2025-09-04 13:49:20 INFO  Dashboard:41 - Entered project name: Development of a Scalable and Secure Cloud-Native Platform for Real-Time Analytics, Monitoring, and Automated Decision-Making Across Industries  845
2025-09-04 13:49:20 INFO  Dashboard:50 - Clicked on Save button
2025-09-04 13:49:20 INFO  ExtentReportListener:45 - Test Passed: CreateProject
2025-09-04 13:50:00 INFO  SuiteSetup:54 - Configured Logger File
2025-09-04 13:50:03 INFO  ObjectRepository:23 - Login page object created
2025-09-04 13:50:03 INFO  ObjectRepository:32 - Login page object created
2025-09-04 13:50:03 INFO  ObjectRepository:41 - Dashboard page object created
2025-09-04 13:50:03 INFO  ObjectRepository:50 - Step1 page object created
2025-09-04 13:50:03 INFO  ObjectRepository:59 - Step2_Flow1 page object created
2025-09-04 13:50:14 INFO  ExtentReportListener:43 - URL launched: https://eoi.coditas.org/
2025-09-04 13:50:15 INFO  Projects:47 - clicked on applicant sign up/sign in button
2025-09-04 13:50:16 INFO  EntitySignIn:40 - clicked on Entity locker sign in button
2025-09-04 13:50:19 INFO  EntitySignIn:50 - Entered mobile number: 8149260522
2025-09-04 13:50:19 INFO  EntitySignIn:59 - Clicked on Next button
2025-09-04 13:50:20 INFO  EntitySignIn:68 - Entered profile pin: 747259
2025-09-04 13:50:22 INFO  EntitySignIn:59 - Clicked on Next button
2025-09-04 13:50:33 INFO  EntitySignIn:89 - OTP input not displayed : no such element: Unable to locate element: {"method":"css selector","selector":"#a_otp_1"}
  (Session info: chrome=139.0.7258.155)
For documentation on this error, please visit: https://www.selenium.dev/documentation/webdriver/troubleshooting/errors#no-such-element-exception
Build info: version: '4.33.0', revision: '2c6aaad03a'
System info: os.name: 'Windows 10', os.arch: 'amd64', os.version: '10.0', java.version: '17.0.16'
Driver info: org.openqa.selenium.chrome.ChromeDriver
Command: [17a1c4a41393be35371e481d5a530cc1, findElement {using=id, value=a_otp_1}]
Capabilities {acceptInsecureCerts: false, browserName: chrome, browserVersion: 139.0.7258.155, chrome: {chromedriverVersion: 139.0.7258.154 (9e0d6b2b47f..., userDataDir: C:\Users\CODITA~1\AppData\L...}, fedcm:accounts: true, goog:chromeOptions: {debuggerAddress: localhost:62910}, networkConnectionEnabled: false, pageLoadStrategy: normal, platformName: windows, proxy: Proxy(), se:cdp: ws://localhost:62910/devtoo..., se:cdpVersion: 139.0.7258.155, setWindowRect: true, strictFileInteractability: false, timeouts: {implicit: 0, pageLoad: 300000, script: 30000}, unhandledPromptBehavior: dismiss and notify, webauthn:extension:credBlob: true, webauthn:extension:largeBlob: true, webauthn:extension:minPinLength: true, webauthn:extension:prf: true, webauthn:virtualAuthenticators: true}
Session ID: 17a1c4a41393be35371e481d5a530cc1
2025-09-04 13:50:33 INFO  ExtentReportListener:45 - Test Passed: Login
2025-09-04 13:50:33 INFO  Dashboard:32 - Clicked on Create Project
2025-09-04 13:50:34 INFO  Dashboard:41 - Entered project name: Development of a Scalable and Secure Cloud-Native Platform for Real-Time Analytics, Monitoring, and Automated Decision-Making Across Industries  413
2025-09-04 13:50:34 INFO  Dashboard:50 - Clicked on Save button
2025-09-04 13:50:34 INFO  ExtentReportListener:45 - Test Passed: CreateProject
2025-09-04 13:50:48 INFO  SuiteSetup:54 - Configured Logger File
2025-09-04 13:50:51 INFO  ObjectRepository:23 - Login page object created
2025-09-04 13:50:51 INFO  ObjectRepository:32 - Login page object created
2025-09-04 13:50:51 INFO  ObjectRepository:41 - Dashboard page object created
2025-09-04 13:50:51 INFO  ObjectRepository:50 - Step1 page object created
2025-09-04 13:50:51 INFO  ObjectRepository:59 - Step2_Flow1 page object created
2025-09-04 13:50:57 INFO  ExtentReportListener:43 - URL launched: https://eoi.coditas.org/
2025-09-04 13:50:58 INFO  Projects:47 - clicked on applicant sign up/sign in button
2025-09-04 13:50:59 INFO  EntitySignIn:40 - clicked on Entity locker sign in button
2025-09-04 13:51:04 INFO  EntitySignIn:50 - Entered mobile number: 8149260522
2025-09-04 13:51:05 INFO  EntitySignIn:59 - Clicked on Next button
2025-09-04 13:51:05 INFO  EntitySignIn:68 - Entered profile pin: 747259
2025-09-04 13:51:06 INFO  EntitySignIn:59 - Clicked on Next button
2025-09-04 13:51:27 INFO  EntitySignIn:89 - OTP input not displayed : no such element: Unable to locate element: {"method":"css selector","selector":"#a_otp_1"}
  (Session info: chrome=139.0.7258.155)
For documentation on this error, please visit: https://www.selenium.dev/documentation/webdriver/troubleshooting/errors#no-such-element-exception
Build info: version: '4.33.0', revision: '2c6aaad03a'
System info: os.name: 'Windows 10', os.arch: 'amd64', os.version: '10.0', java.version: '17.0.16'
Driver info: org.openqa.selenium.chrome.ChromeDriver
Command: [802710884e701686197b50fdb676536c, findElement {using=id, value=a_otp_1}]
Capabilities {acceptInsecureCerts: false, browserName: chrome, browserVersion: 139.0.7258.155, chrome: {chromedriverVersion: 139.0.7258.154 (9e0d6b2b47f..., userDataDir: C:\Users\CODITA~1\AppData\L...}, fedcm:accounts: true, goog:chromeOptions: {debuggerAddress: localhost:63033}, networkConnectionEnabled: false, pageLoadStrategy: normal, platformName: windows, proxy: Proxy(), se:cdp: ws://localhost:63033/devtoo..., se:cdpVersion: 139.0.7258.155, setWindowRect: true, strictFileInteractability: false, timeouts: {implicit: 0, pageLoad: 300000, script: 30000}, unhandledPromptBehavior: dismiss and notify, webauthn:extension:credBlob: true, webauthn:extension:largeBlob: true, webauthn:extension:minPinLength: true, webauthn:extension:prf: true, webauthn:virtualAuthenticators: true}
Session ID: 802710884e701686197b50fdb676536c
2025-09-04 13:51:27 INFO  ExtentReportListener:45 - Test Passed: Login
2025-09-04 13:51:27 INFO  Dashboard:32 - Clicked on Create Project
2025-09-04 13:51:28 INFO  Dashboard:41 - Entered project name: Development of a Scalable and Secure Cloud-Native Platform for Real-Time Analytics, Monitoring, and Automated Decision-Making Across Industries  282
2025-09-04 13:51:28 INFO  Dashboard:50 - Clicked on Save button
2025-09-04 13:51:28 INFO  ExtentReportListener:45 - Test Passed: CreateProject
2025-09-04 13:51:39 INFO  SuiteSetup:54 - Configured Logger File
2025-09-04 13:51:42 INFO  ObjectRepository:23 - Login page object created
2025-09-04 13:51:42 INFO  ObjectRepository:32 - Login page object created
2025-09-04 13:51:42 INFO  ObjectRepository:41 - Dashboard page object created
2025-09-04 13:51:42 INFO  ObjectRepository:50 - Step1 page object created
2025-09-04 13:51:42 INFO  ObjectRepository:59 - Step2_Flow1 page object created
2025-09-04 13:51:48 INFO  ExtentReportListener:43 - URL launched: https://eoi.coditas.org/
2025-09-04 13:51:48 INFO  Projects:47 - clicked on applicant sign up/sign in button
2025-09-04 13:51:50 INFO  EntitySignIn:40 - clicked on Entity locker sign in button
2025-09-04 13:51:53 INFO  EntitySignIn:50 - Entered mobile number: 8149260522
2025-09-04 13:51:53 INFO  EntitySignIn:59 - Clicked on Next button
2025-09-04 13:51:54 INFO  EntitySignIn:68 - Entered profile pin: 747259
2025-09-04 13:51:57 INFO  EntitySignIn:59 - Clicked on Next button
2025-09-04 13:52:19 INFO  EntitySignIn:89 - OTP input not displayed : no such element: Unable to locate element: {"method":"css selector","selector":"#a_otp_1"}
  (Session info: chrome=139.0.7258.155)
For documentation on this error, please visit: https://www.selenium.dev/documentation/webdriver/troubleshooting/errors#no-such-element-exception
Build info: version: '4.33.0', revision: '2c6aaad03a'
System info: os.name: 'Windows 10', os.arch: 'amd64', os.version: '10.0', java.version: '17.0.16'
Driver info: org.openqa.selenium.chrome.ChromeDriver
Command: [efeec404c7ab3a338e60c85e699c6012, findElement {using=id, value=a_otp_1}]
Capabilities {acceptInsecureCerts: false, browserName: chrome, browserVersion: 139.0.7258.155, chrome: {chromedriverVersion: 139.0.7258.154 (9e0d6b2b47f..., userDataDir: C:\Users\CODITA~1\AppData\L...}, fedcm:accounts: true, goog:chromeOptions: {debuggerAddress: localhost:63161}, networkConnectionEnabled: false, pageLoadStrategy: normal, platformName: windows, proxy: Proxy(), se:cdp: ws://localhost:63161/devtoo..., se:cdpVersion: 139.0.7258.155, setWindowRect: true, strictFileInteractability: false, timeouts: {implicit: 0, pageLoad: 300000, script: 30000}, unhandledPromptBehavior: dismiss and notify, webauthn:extension:credBlob: true, webauthn:extension:largeBlob: true, webauthn:extension:minPinLength: true, webauthn:extension:prf: true, webauthn:virtualAuthenticators: true}
Session ID: efeec404c7ab3a338e60c85e699c6012
2025-09-04 13:52:19 INFO  ExtentReportListener:45 - Test Passed: Login
2025-09-04 13:52:21 INFO  Dashboard:32 - Clicked on Create Project
2025-09-04 13:52:22 INFO  Dashboard:41 - Entered project name: Development of a Scalable and Secure Cloud-Native Platform for Real-Time Analytics, Monitoring, and Automated Decision-Making Across Industries  961
2025-09-04 13:52:22 INFO  Dashboard:50 - Clicked on Save button
2025-09-04 13:52:22 INFO  ExtentReportListener:45 - Test Passed: CreateProject
2025-09-04 13:52:31 INFO  SuiteSetup:54 - Configured Logger File
2025-09-04 13:52:34 INFO  ObjectRepository:23 - Login page object created
2025-09-04 13:52:34 INFO  ObjectRepository:32 - Login page object created
2025-09-04 13:52:34 INFO  ObjectRepository:41 - Dashboard page object created
2025-09-04 13:52:34 INFO  ObjectRepository:50 - Step1 page object created
2025-09-04 13:52:34 INFO  ObjectRepository:59 - Step2_Flow1 page object created
2025-09-04 13:54:35 INFO  ExtentReportListener:43 - URL launched: https://eoi.coditas.org/
2025-09-04 13:54:49 INFO  SuiteSetup:54 - Configured Logger File
2025-09-04 13:54:53 INFO  ObjectRepository:23 - Login page object created
2025-09-04 13:54:53 INFO  ObjectRepository:32 - Login page object created
2025-09-04 13:54:53 INFO  ObjectRepository:41 - Dashboard page object created
2025-09-04 13:54:53 INFO  ObjectRepository:50 - Step1 page object created
2025-09-04 13:54:53 INFO  ObjectRepository:59 - Step2_Flow1 page object created
2025-09-04 13:54:57 INFO  ExtentReportListener:43 - URL launched: https://eoi.coditas.org/
2025-09-04 13:54:58 INFO  Projects:47 - clicked on applicant sign up/sign in button
2025-09-04 13:54:59 INFO  EntitySignIn:40 - clicked on Entity locker sign in button
2025-09-04 13:55:02 INFO  EntitySignIn:50 - Entered mobile number: 8149260522
2025-09-04 13:55:02 INFO  EntitySignIn:59 - Clicked on Next button
2025-09-04 13:55:03 INFO  EntitySignIn:68 - Entered profile pin: 747259
2025-09-04 13:55:06 INFO  EntitySignIn:59 - Clicked on Next button
2025-09-04 13:55:16 INFO  EntitySignIn:89 - OTP input not displayed : no such element: Unable to locate element: {"method":"css selector","selector":"#a_otp_1"}
  (Session info: chrome=139.0.7258.155)
For documentation on this error, please visit: https://www.selenium.dev/documentation/webdriver/troubleshooting/errors#no-such-element-exception
Build info: version: '4.33.0', revision: '2c6aaad03a'
System info: os.name: 'Windows 10', os.arch: 'amd64', os.version: '10.0', java.version: '17.0.16'
Driver info: org.openqa.selenium.chrome.ChromeDriver
Command: [b2568f3f0c42e90cc3ba8031b2c1489b, findElement {using=id, value=a_otp_1}]
Capabilities {acceptInsecureCerts: false, browserName: chrome, browserVersion: 139.0.7258.155, chrome: {chromedriverVersion: 139.0.7258.154 (9e0d6b2b47f..., userDataDir: C:\Users\CODITA~1\AppData\L...}, fedcm:accounts: true, goog:chromeOptions: {debuggerAddress: localhost:63406}, networkConnectionEnabled: false, pageLoadStrategy: normal, platformName: windows, proxy: Proxy(), se:cdp: ws://localhost:63406/devtoo..., se:cdpVersion: 139.0.7258.155, setWindowRect: true, strictFileInteractability: false, timeouts: {implicit: 0, pageLoad: 300000, script: 30000}, unhandledPromptBehavior: dismiss and notify, webauthn:extension:credBlob: true, webauthn:extension:largeBlob: true, webauthn:extension:minPinLength: true, webauthn:extension:prf: true, webauthn:virtualAuthenticators: true}
Session ID: b2568f3f0c42e90cc3ba8031b2c1489b
2025-09-04 13:55:16 INFO  ExtentReportListener:45 - Test Passed: Login
2025-09-04 13:55:16 INFO  Dashboard:32 - Clicked on Create Project
2025-09-04 13:55:17 INFO  Dashboard:41 - Entered project name: Development of a Scalable and Secure Cloud-Native Platform for Real-Time Analytics, Monitoring, and Automated Decision-Making Across Industries  920
2025-09-04 13:55:17 INFO  Dashboard:50 - Clicked on Save button
2025-09-04 13:55:17 INFO  ExtentReportListener:45 - Test Passed: CreateProject
2025-09-04 13:58:45 INFO  SuiteSetup:54 - Configured Logger File
2025-09-04 13:58:48 INFO  ObjectRepository:23 - Login page object created
2025-09-04 13:58:48 INFO  ObjectRepository:32 - Login page object created
2025-09-04 13:58:48 INFO  ObjectRepository:41 - Dashboard page object created
2025-09-04 13:58:48 INFO  ObjectRepository:50 - Step1 page object created
2025-09-04 13:58:48 INFO  ObjectRepository:59 - Step2_Flow1 page object created
2025-09-04 14:00:08 ERROR ExtentReportListener:45 - Failed to launch URL: https://eoi.coditas.org/
org.openqa.selenium.WebDriverException: target frame detached
  (failed to check if window was closed: disconnected: Unable to receive message from renderer)
  (Session info: chrome=139.0.7258.155)
Build info: version: '4.33.0', revision: '2c6aaad03a'
System info: os.name: 'Windows 10', os.arch: 'amd64', os.version: '10.0', java.version: '17.0.16'
Driver info: org.openqa.selenium.chrome.ChromeDriver
Command: [44565dd03d524cc204170a57c15fa5ba, get {url=https://eoi.coditas.org/}]
Capabilities {acceptInsecureCerts: false, browserName: chrome, browserVersion: 139.0.7258.155, chrome: {chromedriverVersion: 139.0.7258.154 (9e0d6b2b47f..., userDataDir: C:\Users\CODITA~1\AppData\L...}, fedcm:accounts: true, goog:chromeOptions: {debuggerAddress: localhost:63586}, networkConnectionEnabled: false, pageLoadStrategy: normal, platformName: windows, proxy: Proxy(), se:cdp: ws://localhost:63586/devtoo..., se:cdpVersion: 139.0.7258.155, setWindowRect: true, strictFileInteractability: false, timeouts: {implicit: 0, pageLoad: 300000, script: 30000}, unhandledPromptBehavior: dismiss and notify, webauthn:extension:credBlob: true, webauthn:extension:largeBlob: true, webauthn:extension:minPinLength: true, webauthn:extension:prf: true, webauthn:virtualAuthenticators: true}
Session ID: 44565dd03d524cc204170a57c15fa5ba
	at java.base/jdk.internal.reflect.NativeConstructorAccessorImpl.newInstance0(Native Method)
	at java.base/jdk.internal.reflect.NativeConstructorAccessorImpl.newInstance(NativeConstructorAccessorImpl.java:77)
	at java.base/jdk.internal.reflect.DelegatingConstructorAccessorImpl.newInstance(DelegatingConstructorAccessorImpl.java:45)
	at java.base/java.lang.reflect.Constructor.newInstanceWithCaller(Constructor.java:500)
	at java.base/java.lang.reflect.Constructor.newInstance(Constructor.java:481)
	at org.openqa.selenium.remote.ErrorCodec.decode(ErrorCodec.java:167)
	at org.openqa.selenium.remote.codec.w3c.W3CHttpResponseCodec.decode(W3CHttpResponseCodec.java:138)
	at org.openqa.selenium.remote.codec.w3c.W3CHttpResponseCodec.decode(W3CHttpResponseCodec.java:50)
	at org.openqa.selenium.remote.HttpCommandExecutor.execute(HttpCommandExecutor.java:215)
	at org.openqa.selenium.remote.service.DriverCommandExecutor.invokeExecute(DriverCommandExecutor.java:216)
	at org.openqa.selenium.remote.service.DriverCommandExecutor.execute(DriverCommandExecutor.java:174)
	at org.openqa.selenium.remote.RemoteWebDriver.execute(RemoteWebDriver.java:544)
	at org.openqa.selenium.remote.RemoteWebDriver.get(RemoteWebDriver.java:312)
	at utility.GenericMethods.launchURL(GenericMethods.java:42)
	at test.EntityLogin.Login(EntityLogin.java:19)
	at java.base/jdk.internal.reflect.NativeMethodAccessorImpl.invoke0(Native Method)
	at java.base/jdk.internal.reflect.NativeMethodAccessorImpl.invoke(NativeMethodAccessorImpl.java:77)
	at java.base/jdk.internal.reflect.DelegatingMethodAccessorImpl.invoke(DelegatingMethodAccessorImpl.java:43)
	at java.base/java.lang.reflect.Method.invoke(Method.java:569)
	at org.testng.internal.invokers.MethodInvocationHelper.invokeMethod(MethodInvocationHelper.java:141)
	at org.testng.internal.invokers.TestInvoker.invokeMethod(TestInvoker.java:687)
	at org.testng.internal.invokers.TestInvoker.invokeTestMethod(TestInvoker.java:230)
	at org.testng.internal.invokers.MethodRunner.runInSequence(MethodRunner.java:63)
	at org.testng.internal.invokers.TestInvoker$MethodInvocationAgent.invoke(TestInvoker.java:995)
	at org.testng.internal.invokers.TestInvoker.invokeTestMethods(TestInvoker.java:203)
	at org.testng.internal.invokers.TestMethodWorker.invokeTestMethods(TestMethodWorker.java:154)
	at org.testng.internal.invokers.TestMethodWorker.run(TestMethodWorker.java:134)
	at java.base/java.util.ArrayList.forEach(ArrayList.java:1511)
	at org.testng.TestRunner.privateRun(TestRunner.java:741)
	at org.testng.TestRunner.run(TestRunner.java:616)
	at org.testng.SuiteRunner.runTest(SuiteRunner.java:421)
	at org.testng.SuiteRunner.runSequentially(SuiteRunner.java:413)
	at org.testng.SuiteRunner.privateRun(SuiteRunner.java:373)
	at org.testng.SuiteRunner.run(SuiteRunner.java:312)
	at org.testng.SuiteRunnerWorker.runSuite(SuiteRunnerWorker.java:52)
	at org.testng.SuiteRunnerWorker.run(SuiteRunnerWorker.java:95)
	at org.testng.TestNG.runSuitesSequentially(TestNG.java:1274)
	at org.testng.TestNG.runSuitesLocally(TestNG.java:1208)
	at org.testng.TestNG.runSuites(TestNG.java:1112)
	at org.testng.TestNG.run(TestNG.java:1079)
	at com.intellij.rt.testng.IDEARemoteTestNG.run(IDEARemoteTestNG.java:65)
	at com.intellij.rt.testng.RemoteTestNGStarter.main(RemoteTestNGStarter.java:105)
2025-09-04 14:00:08 INFO  Dashboard:34 - Failed to click on Create Project: null
2025-09-04 14:00:15 INFO  SuiteSetup:54 - Configured Logger File
2025-09-04 14:00:19 INFO  ObjectRepository:23 - Login page object created
2025-09-04 14:00:19 INFO  ObjectRepository:32 - Login page object created
2025-09-04 14:00:19 INFO  ObjectRepository:41 - Dashboard page object created
2025-09-04 14:00:19 INFO  ObjectRepository:50 - Step1 page object created
2025-09-04 14:00:19 INFO  ObjectRepository:59 - Step2_Flow1 page object created
2025-09-04 14:00:24 INFO  ExtentReportListener:43 - URL launched: https://eoi.coditas.org/
2025-09-04 14:00:25 INFO  Projects:47 - clicked on applicant sign up/sign in button
2025-09-04 14:00:27 INFO  EntitySignIn:40 - clicked on Entity locker sign in button
2025-09-04 14:01:08 ERROR EntitySignIn:52 - Failed to enter mobile number: null
2025-09-04 14:01:18 INFO  SuiteSetup:54 - Configured Logger File
2025-09-04 14:01:21 INFO  ObjectRepository:23 - Login page object created
2025-09-04 14:01:21 INFO  ObjectRepository:32 - Login page object created
2025-09-04 14:01:21 INFO  ObjectRepository:41 - Dashboard page object created
2025-09-04 14:01:22 INFO  ObjectRepository:50 - Step1 page object created
2025-09-04 14:01:22 INFO  ObjectRepository:59 - Step2_Flow1 page object created
2025-09-04 14:02:37 INFO  ExtentReportListener:43 - URL launched: https://eoi.coditas.org/
2025-09-04 14:02:51 INFO  SuiteSetup:54 - Configured Logger File
2025-09-04 14:02:54 INFO  ObjectRepository:23 - Login page object created
2025-09-04 14:02:54 INFO  ObjectRepository:32 - Login page object created
2025-09-04 14:02:54 INFO  ObjectRepository:41 - Dashboard page object created
2025-09-04 14:02:54 INFO  ObjectRepository:50 - Step1 page object created
2025-09-04 14:02:54 INFO  ObjectRepository:59 - Step2_Flow1 page object created
2025-09-04 14:03:04 INFO  ExtentReportListener:43 - URL launched: https://eoi.coditas.org/
2025-09-04 14:03:05 INFO  Projects:47 - clicked on applicant sign up/sign in button
2025-09-04 14:03:07 INFO  EntitySignIn:40 - clicked on Entity locker sign in button
2025-09-04 14:03:10 INFO  EntitySignIn:50 - Entered mobile number: 8149260522
2025-09-04 14:03:11 INFO  EntitySignIn:59 - Clicked on Next button
2025-09-04 14:03:11 INFO  EntitySignIn:68 - Entered profile pin: 747259
2025-09-04 14:03:15 INFO  EntitySignIn:59 - Clicked on Next button
2025-09-04 14:03:25 INFO  EntitySignIn:89 - OTP input not displayed : no such element: Unable to locate element: {"method":"css selector","selector":"#a_otp_1"}
  (Session info: chrome=139.0.7258.155)
For documentation on this error, please visit: https://www.selenium.dev/documentation/webdriver/troubleshooting/errors#no-such-element-exception
Build info: version: '4.33.0', revision: '2c6aaad03a'
System info: os.name: 'Windows 10', os.arch: 'amd64', os.version: '10.0', java.version: '17.0.16'
Driver info: org.openqa.selenium.chrome.ChromeDriver
Command: [456e0e3557be463ca702933d152adbb3, findElement {using=id, value=a_otp_1}]
Capabilities {acceptInsecureCerts: false, browserName: chrome, browserVersion: 139.0.7258.155, chrome: {chromedriverVersion: 139.0.7258.154 (9e0d6b2b47f..., userDataDir: C:\Users\CODITA~1\AppData\L...}, fedcm:accounts: true, goog:chromeOptions: {debuggerAddress: localhost:63936}, networkConnectionEnabled: false, pageLoadStrategy: normal, platformName: windows, proxy: Proxy(), se:cdp: ws://localhost:63936/devtoo..., se:cdpVersion: 139.0.7258.155, setWindowRect: true, strictFileInteractability: false, timeouts: {implicit: 0, pageLoad: 300000, script: 30000}, unhandledPromptBehavior: dismiss and notify, webauthn:extension:credBlob: true, webauthn:extension:largeBlob: true, webauthn:extension:minPinLength: true, webauthn:extension:prf: true, webauthn:virtualAuthenticators: true}
Session ID: 456e0e3557be463ca702933d152adbb3
2025-09-04 14:03:25 INFO  ExtentReportListener:45 - Test Passed: Login
2025-09-04 14:03:37 INFO  Dashboard:34 - Failed to click on Create Project: null
2025-09-04 14:05:10 INFO  SuiteSetup:54 - Configured Logger File
2025-09-04 14:05:13 INFO  ObjectRepository:23 - Login page object created
2025-09-04 14:05:13 INFO  ObjectRepository:32 - Login page object created
2025-09-04 14:05:13 INFO  ObjectRepository:41 - Dashboard page object created
2025-09-04 14:05:13 INFO  ObjectRepository:50 - Step1 page object created
2025-09-04 14:05:14 INFO  ObjectRepository:59 - Step2_Flow1 page object created
2025-09-04 14:05:21 INFO  ExtentReportListener:43 - URL launched: https://eoi.coditas.org/
2025-09-04 14:05:22 INFO  Projects:47 - clicked on applicant sign up/sign in button
2025-09-04 14:05:24 INFO  EntitySignIn:40 - clicked on Entity locker sign in button
2025-09-04 14:05:27 INFO  EntitySignIn:50 - Entered mobile number: 8149260522
2025-09-04 14:05:28 INFO  EntitySignIn:59 - Clicked on Next button
2025-09-04 14:05:28 INFO  EntitySignIn:68 - Entered profile pin: 747259
2025-09-04 14:05:31 INFO  EntitySignIn:59 - Clicked on Next button
2025-09-04 14:08:31 INFO  EntitySignIn:89 - OTP input not displayed : java.util.concurrent.TimeoutException
Build info: version: '4.33.0', revision: '2c6aaad03a'
System info: os.name: 'Windows 10', os.arch: 'amd64', os.version: '10.0', java.version: '17.0.16'
Driver info: org.openqa.selenium.chrome.ChromeDriver
Command: [519d12aafe31e26d211804f33a95b3f0, findElement {using=id, value=a_otp_1}]
Capabilities {acceptInsecureCerts: false, browserName: chrome, browserVersion: 139.0.7258.155, chrome: {chromedriverVersion: 139.0.7258.154 (9e0d6b2b47f..., userDataDir: C:\Users\CODITA~1\AppData\L...}, fedcm:accounts: true, goog:chromeOptions: {debuggerAddress: localhost:64167}, networkConnectionEnabled: false, pageLoadStrategy: normal, platformName: windows, proxy: Proxy(), se:cdp: ws://localhost:64167/devtoo..., se:cdpVersion: 139.0.7258.155, setWindowRect: true, strictFileInteractability: false, timeouts: {implicit: 0, pageLoad: 300000, script: 30000}, unhandledPromptBehavior: dismiss and notify, webauthn:extension:credBlob: true, webauthn:extension:largeBlob: true, webauthn:extension:minPinLength: true, webauthn:extension:prf: true, webauthn:virtualAuthenticators: true}
Session ID: 519d12aafe31e26d211804f33a95b3f0
2025-09-04 14:08:31 INFO  ExtentReportListener:45 - Test Passed: Login
2025-09-04 14:09:58 INFO  Dashboard:34 - Failed to click on Create Project: null
2025-09-04 14:11:48 INFO  SuiteSetup:54 - Configured Logger File
2025-09-04 14:11:51 INFO  ObjectRepository:23 - Login page object created
2025-09-04 14:11:51 INFO  ObjectRepository:32 - Login page object created
2025-09-04 14:11:51 INFO  ObjectRepository:41 - Dashboard page object created
2025-09-04 14:11:51 INFO  ObjectRepository:50 - Step1 page object created
2025-09-04 14:11:51 INFO  ObjectRepository:59 - Step2_Flow1 page object created
2025-09-04 14:12:15 INFO  ExtentReportListener:43 - URL launched: https://eoi.coditas.org/
2025-09-04 14:12:29 INFO  Projects:47 - clicked on applicant sign up/sign in button
2025-09-04 14:12:31 INFO  EntitySignIn:40 - clicked on Entity locker sign in button
2025-09-04 14:12:43 INFO  EntitySignIn:50 - Entered mobile number: 8149260522
2025-09-04 14:12:44 INFO  EntitySignIn:59 - Clicked on Next button
2025-09-04 14:12:45 INFO  EntitySignIn:68 - Entered profile pin: 747259
2025-09-04 14:12:48 INFO  EntitySignIn:59 - Clicked on Next button
2025-09-04 14:13:35 INFO  EntitySignIn:89 - OTP input not displayed : Unable to find element with locator By.id: a_otp_1
For documentation on this error, please visit: https://www.selenium.dev/documentation/webdriver/troubleshooting/errors#no-such-element-exception
Build info: version: '4.33.0', revision: '2c6aaad03a'
System info: os.name: 'Windows 10', os.arch: 'amd64', os.version: '10.0', java.version: '17.0.16'
Driver info: driver.version: RemoteWebDriver
2025-09-04 14:13:35 INFO  ExtentReportListener:45 - Test Passed: Login
2025-09-04 14:13:45 INFO  Dashboard:34 - Failed to click on Create Project: null
2025-09-04 14:13:51 INFO  SuiteSetup:54 - Configured Logger File
2025-09-04 14:13:54 INFO  ObjectRepository:23 - Login page object created
2025-09-04 14:13:54 INFO  ObjectRepository:32 - Login page object created
2025-09-04 14:13:54 INFO  ObjectRepository:41 - Dashboard page object created
2025-09-04 14:13:54 INFO  ObjectRepository:50 - Step1 page object created
2025-09-04 14:13:54 INFO  ObjectRepository:59 - Step2_Flow1 page object created
2025-09-04 14:14:31 INFO  ExtentReportListener:43 - URL launched: https://eoi.coditas.org/
2025-09-04 14:14:42 INFO  Projects:49 - unable to click on applicant sign up/sign in button
2025-09-04 14:14:43 INFO  Dashboard:34 - Failed to click on Create Project: null
2025-09-04 14:14:49 INFO  SuiteSetup:54 - Configured Logger File
2025-09-04 14:14:52 INFO  ObjectRepository:23 - Login page object created
2025-09-04 14:14:52 INFO  ObjectRepository:32 - Login page object created
2025-09-04 14:14:52 INFO  ObjectRepository:41 - Dashboard page object created
2025-09-04 14:14:52 INFO  ObjectRepository:50 - Step1 page object created
2025-09-04 14:14:52 INFO  ObjectRepository:59 - Step2_Flow1 page object created
2025-09-04 14:15:12 INFO  ExtentReportListener:43 - URL launched: https://eoi.coditas.org/
2025-09-04 14:15:13 INFO  Projects:47 - clicked on applicant sign up/sign in button
2025-09-04 14:15:14 INFO  EntitySignIn:40 - clicked on Entity locker sign in button
2025-09-04 14:15:18 INFO  EntitySignIn:50 - Entered mobile number: 8149260522
2025-09-04 14:15:18 INFO  EntitySignIn:59 - Clicked on Next button
2025-09-04 14:15:21 INFO  EntitySignIn:68 - Entered profile pin: 747259
2025-09-04 14:15:21 INFO  EntitySignIn:59 - Clicked on Next button
2025-09-04 14:16:10 ERROR EntitySignIn:92 - Unexpected error while checking OTP input: target frame detached
  (failed to check if window was closed: disconnected: Unable to receive message from renderer)
  (Session info: chrome=139.0.7258.155)
Build info: version: '4.33.0', revision: '2c6aaad03a'
System info: os.name: 'Windows 10', os.arch: 'amd64', os.version: '10.0', java.version: '17.0.16'
Driver info: org.openqa.selenium.chrome.ChromeDriver
Command: [79ebad4515f65c98e9e67ceb5e5cf3e5, findElement {value=a_otp_1, using=id}]
Capabilities {acceptInsecureCerts: false, browserName: chrome, browserVersion: 139.0.7258.155, chrome: {chromedriverVersion: 139.0.7258.154 (9e0d6b2b47f..., userDataDir: C:\Users\CODITA~1\AppData\L...}, fedcm:accounts: true, goog:chromeOptions: {debuggerAddress: localhost:49842}, networkConnectionEnabled: false, pageLoadStrategy: normal, platformName: windows, proxy: Proxy(), se:cdp: ws://localhost:49842/devtoo..., se:cdpVersion: 139.0.7258.155, setWindowRect: true, strictFileInteractability: false, timeouts: {implicit: 0, pageLoad: 300000, script: 30000}, unhandledPromptBehavior: dismiss and notify, webauthn:extension:credBlob: true, webauthn:extension:largeBlob: true, webauthn:extension:minPinLength: true, webauthn:extension:prf: true, webauthn:virtualAuthenticators: true}
Session ID: 79ebad4515f65c98e9e67ceb5e5cf3e5
2025-09-04 14:16:10 INFO  ExtentReportListener:45 - Test Passed: Login
2025-09-04 14:16:10 INFO  Dashboard:34 - Failed to click on Create Project: null
2025-09-04 14:16:20 INFO  SuiteSetup:54 - Configured Logger File
2025-09-04 14:16:23 INFO  ObjectRepository:23 - Login page object created
2025-09-04 14:16:23 INFO  ObjectRepository:32 - Login page object created
2025-09-04 14:16:23 INFO  ObjectRepository:41 - Dashboard page object created
2025-09-04 14:16:23 INFO  ObjectRepository:50 - Step1 page object created
2025-09-04 14:16:23 INFO  ObjectRepository:59 - Step2_Flow1 page object created
2025-09-04 14:17:54 ERROR ExtentReportListener:45 - Failed to launch URL: https://eoi.coditas.org/
org.openqa.selenium.WebDriverException: target frame detached
  (failed to check if window was closed: disconnected: Unable to receive message from renderer)
  (Session info: chrome=139.0.7258.155)
Build info: version: '4.33.0', revision: '2c6aaad03a'
System info: os.name: 'Windows 10', os.arch: 'amd64', os.version: '10.0', java.version: '17.0.16'
Driver info: org.openqa.selenium.chrome.ChromeDriver
Command: [0fd8b19c40015779b779d4bf10ea3777, get {url=https://eoi.coditas.org/}]
Capabilities {acceptInsecureCerts: false, browserName: chrome, browserVersion: 139.0.7258.155, chrome: {chromedriverVersion: 139.0.7258.154 (9e0d6b2b47f..., userDataDir: C:\Users\CODITA~1\AppData\L...}, fedcm:accounts: true, goog:chromeOptions: {debuggerAddress: localhost:50110}, networkConnectionEnabled: false, pageLoadStrategy: normal, platformName: windows, proxy: Proxy(), se:cdp: ws://localhost:50110/devtoo..., se:cdpVersion: 139.0.7258.155, setWindowRect: true, strictFileInteractability: false, timeouts: {implicit: 0, pageLoad: 300000, script: 30000}, unhandledPromptBehavior: dismiss and notify, webauthn:extension:credBlob: true, webauthn:extension:largeBlob: true, webauthn:extension:minPinLength: true, webauthn:extension:prf: true, webauthn:virtualAuthenticators: true}
Session ID: 0fd8b19c40015779b779d4bf10ea3777
	at java.base/jdk.internal.reflect.NativeConstructorAccessorImpl.newInstance0(Native Method)
	at java.base/jdk.internal.reflect.NativeConstructorAccessorImpl.newInstance(NativeConstructorAccessorImpl.java:77)
	at java.base/jdk.internal.reflect.DelegatingConstructorAccessorImpl.newInstance(DelegatingConstructorAccessorImpl.java:45)
	at java.base/java.lang.reflect.Constructor.newInstanceWithCaller(Constructor.java:500)
	at java.base/java.lang.reflect.Constructor.newInstance(Constructor.java:481)
	at org.openqa.selenium.remote.ErrorCodec.decode(ErrorCodec.java:167)
	at org.openqa.selenium.remote.codec.w3c.W3CHttpResponseCodec.decode(W3CHttpResponseCodec.java:138)
	at org.openqa.selenium.remote.codec.w3c.W3CHttpResponseCodec.decode(W3CHttpResponseCodec.java:50)
	at org.openqa.selenium.remote.HttpCommandExecutor.execute(HttpCommandExecutor.java:215)
	at org.openqa.selenium.remote.service.DriverCommandExecutor.invokeExecute(DriverCommandExecutor.java:216)
	at org.openqa.selenium.remote.service.DriverCommandExecutor.execute(DriverCommandExecutor.java:174)
	at org.openqa.selenium.remote.RemoteWebDriver.execute(RemoteWebDriver.java:544)
	at org.openqa.selenium.remote.RemoteWebDriver.get(RemoteWebDriver.java:312)
	at utility.GenericMethods.launchURL(GenericMethods.java:42)
	at test.EntityLogin.Login(EntityLogin.java:19)
	at java.base/jdk.internal.reflect.NativeMethodAccessorImpl.invoke0(Native Method)
	at java.base/jdk.internal.reflect.NativeMethodAccessorImpl.invoke(NativeMethodAccessorImpl.java:77)
	at java.base/jdk.internal.reflect.DelegatingMethodAccessorImpl.invoke(DelegatingMethodAccessorImpl.java:43)
	at java.base/java.lang.reflect.Method.invoke(Method.java:569)
	at org.testng.internal.invokers.MethodInvocationHelper.invokeMethod(MethodInvocationHelper.java:141)
	at org.testng.internal.invokers.TestInvoker.invokeMethod(TestInvoker.java:687)
	at org.testng.internal.invokers.TestInvoker.invokeTestMethod(TestInvoker.java:230)
	at org.testng.internal.invokers.MethodRunner.runInSequence(MethodRunner.java:63)
	at org.testng.internal.invokers.TestInvoker$MethodInvocationAgent.invoke(TestInvoker.java:995)
	at org.testng.internal.invokers.TestInvoker.invokeTestMethods(TestInvoker.java:203)
	at org.testng.internal.invokers.TestMethodWorker.invokeTestMethods(TestMethodWorker.java:154)
	at org.testng.internal.invokers.TestMethodWorker.run(TestMethodWorker.java:134)
	at java.base/java.util.ArrayList.forEach(ArrayList.java:1511)
	at org.testng.TestRunner.privateRun(TestRunner.java:741)
	at org.testng.TestRunner.run(TestRunner.java:616)
	at org.testng.SuiteRunner.runTest(SuiteRunner.java:421)
	at org.testng.SuiteRunner.runSequentially(SuiteRunner.java:413)
	at org.testng.SuiteRunner.privateRun(SuiteRunner.java:373)
	at org.testng.SuiteRunner.run(SuiteRunner.java:312)
	at org.testng.SuiteRunnerWorker.runSuite(SuiteRunnerWorker.java:52)
	at org.testng.SuiteRunnerWorker.run(SuiteRunnerWorker.java:95)
	at org.testng.TestNG.runSuitesSequentially(TestNG.java:1274)
	at org.testng.TestNG.runSuitesLocally(TestNG.java:1208)
	at org.testng.TestNG.runSuites(TestNG.java:1112)
	at org.testng.TestNG.run(TestNG.java:1079)
	at com.intellij.rt.testng.IDEARemoteTestNG.run(IDEARemoteTestNG.java:65)
	at com.intellij.rt.testng.RemoteTestNGStarter.main(RemoteTestNGStarter.java:105)
2025-09-04 14:17:54 INFO  Dashboard:34 - Failed to click on Create Project: null
2025-09-04 14:21:46 INFO  SuiteSetup:54 - Configured Logger File
2025-09-04 14:21:49 INFO  ObjectRepository:23 - Login page object created
2025-09-04 14:21:49 INFO  ObjectRepository:32 - Login page object created
2025-09-04 14:21:49 INFO  ObjectRepository:41 - Dashboard page object created
2025-09-04 14:21:49 INFO  ObjectRepository:50 - Step1 page object created
2025-09-04 14:21:49 INFO  ObjectRepository:59 - Step2_Flow1 page object created
2025-09-04 14:21:56 INFO  ExtentReportListener:43 - URL launched: https://eoi.coditas.org/
2025-09-04 14:21:57 INFO  Projects:47 - clicked on applicant sign up/sign in button
2025-09-04 14:21:59 INFO  EntitySignIn:40 - clicked on Entity locker sign in button
2025-09-04 14:22:04 INFO  EntitySignIn:50 - Entered mobile number: 8149260522
2025-09-04 14:22:04 INFO  EntitySignIn:59 - Clicked on Next button
2025-09-04 14:22:05 INFO  EntitySignIn:68 - Entered profile pin: 747259
2025-09-04 14:22:09 INFO  EntitySignIn:59 - Clicked on Next button
2025-09-04 14:22:19 INFO  EntitySignIn:89 - OTP input not displayed : no such element: Unable to locate element: {"method":"css selector","selector":"#a_otp_1"}
  (Session info: chrome=139.0.7258.155)
For documentation on this error, please visit: https://www.selenium.dev/documentation/webdriver/troubleshooting/errors#no-such-element-exception
Build info: version: '4.33.0', revision: '2c6aaad03a'
System info: os.name: 'Windows 10', os.arch: 'amd64', os.version: '10.0', java.version: '17.0.16'
Driver info: org.openqa.selenium.chrome.ChromeDriver
Command: [e0c030189a5a4ca839c89a53e318b3d4, findElement {using=id, value=a_otp_1}]
Capabilities {acceptInsecureCerts: false, browserName: chrome, browserVersion: 139.0.7258.155, chrome: {chromedriverVersion: 139.0.7258.154 (9e0d6b2b47f..., userDataDir: C:\Users\CODITA~1\AppData\L...}, fedcm:accounts: true, goog:chromeOptions: {debuggerAddress: localhost:50514}, networkConnectionEnabled: false, pageLoadStrategy: normal, platformName: windows, proxy: Proxy(), se:cdp: ws://localhost:50514/devtoo..., se:cdpVersion: 139.0.7258.155, setWindowRect: true, strictFileInteractability: false, timeouts: {implicit: 0, pageLoad: 300000, script: 30000}, unhandledPromptBehavior: dismiss and notify, webauthn:extension:credBlob: true, webauthn:extension:largeBlob: true, webauthn:extension:minPinLength: true, webauthn:extension:prf: true, webauthn:virtualAuthenticators: true}
Session ID: e0c030189a5a4ca839c89a53e318b3d4
2025-09-04 14:22:19 INFO  ExtentReportListener:45 - Test Passed: Login
2025-09-04 14:22:19 INFO  Dashboard:32 - Clicked on Create Project
2025-09-04 14:22:20 INFO  Dashboard:41 - Entered project name: Development of a Scalable and Secure Cloud-Native Platform for Real-Time Analytics, Monitoring, and Automated Decision-Making Across Industries  55
2025-09-04 14:22:20 INFO  Dashboard:50 - Clicked on Save button
2025-09-04 14:22:20 INFO  ExtentReportListener:45 - Test Passed: CreateProject
2025-09-04 14:24:10 INFO  SuiteSetup:54 - Configured Logger File
2025-09-04 14:24:14 INFO  ObjectRepository:23 - Login page object created
2025-09-04 14:24:14 INFO  ObjectRepository:32 - Login page object created
2025-09-04 14:24:14 INFO  ObjectRepository:41 - Dashboard page object created
2025-09-04 14:24:14 INFO  ObjectRepository:50 - Step1 page object created
2025-09-04 14:24:14 INFO  ObjectRepository:59 - Step2_Flow1 page object created
2025-09-04 14:25:32 INFO  ExtentReportListener:43 - URL launched: https://eoi.coditas.org/
2025-09-04 14:25:43 INFO  Projects:49 - unable to click on applicant sign up/sign in button
2025-09-04 14:26:25 INFO  SuiteSetup:54 - Configured Logger File
2025-09-04 14:26:28 INFO  ObjectRepository:23 - Login page object created
2025-09-04 14:26:28 INFO  ObjectRepository:32 - Login page object created
2025-09-04 14:26:28 INFO  ObjectRepository:41 - Dashboard page object created
2025-09-04 14:26:28 INFO  ObjectRepository:50 - Step1 page object created
2025-09-04 14:26:28 INFO  ObjectRepository:59 - Step2_Flow1 page object created
2025-09-04 14:27:37 INFO  ExtentReportListener:43 - URL launched: https://eoi.coditas.org/
2025-09-04 14:27:38 INFO  Projects:47 - clicked on applicant sign up/sign in button
2025-09-04 14:27:39 INFO  EntitySignIn:40 - clicked on Entity locker sign in button
2025-09-04 14:27:45 INFO  EntitySignIn:50 - Entered mobile number: 8149260522
2025-09-04 14:27:47 INFO  EntitySignIn:59 - Clicked on Next button
2025-09-04 14:27:47 INFO  EntitySignIn:68 - Entered profile pin: 747259
2025-09-04 14:27:52 INFO  EntitySignIn:59 - Clicked on Next button
2025-09-04 14:27:52 INFO  EntitySignIn:86 - OTP input field is displayed: true
2025-09-04 14:28:11 INFO  EntitySignIn:77 - Entered OTP: 202307
2025-09-04 14:31:11 ERROR EntitySignIn:102 - Failed to click submit button: null
2025-09-04 14:33:31 INFO  Dashboard:34 - Failed to click on Create Project: null
2025-09-04 14:33:56 INFO  SuiteSetup:54 - Configured Logger File
2025-09-04 14:37:33 INFO  SuiteSetup:54 - Configured Logger File
2025-09-04 14:41:04 INFO  SuiteSetup:54 - Configured Logger File
2025-09-04 14:41:41 INFO  ObjectRepository:23 - Login page object created
2025-09-04 14:41:41 INFO  ObjectRepository:32 - Login page object created
2025-09-04 14:41:41 INFO  ObjectRepository:41 - Dashboard page object created
2025-09-04 14:41:41 INFO  ObjectRepository:50 - Step1 page object created
2025-09-04 14:41:41 INFO  ObjectRepository:59 - Step2_Flow1 page object created
2025-09-04 14:44:41 ERROR ExtentReportListener:45 - Failed to launch URL: https://eoi.coditas.org/
org.openqa.selenium.TimeoutException: java.util.concurrent.TimeoutException
Build info: version: '4.33.0', revision: '2c6aaad03a'
System info: os.name: 'Windows 10', os.arch: 'amd64', os.version: '10.0', java.version: '17.0.16'
Driver info: org.openqa.selenium.chrome.ChromeDriver
Command: [78f1f6347cf17c1751eb072414bdcc76, get {url=https://eoi.coditas.org/}]
Capabilities {acceptInsecureCerts: false, browserName: chrome, browserVersion: 139.0.7258.155, chrome: {chromedriverVersion: 139.0.7258.154 (9e0d6b2b47f..., userDataDir: C:\Users\CODITA~1\AppData\L...}, fedcm:accounts: true, goog:chromeOptions: {debuggerAddress: localhost:56916}, networkConnectionEnabled: false, pageLoadStrategy: normal, platformName: windows, proxy: Proxy(), se:cdp: ws://localhost:56916/devtoo..., se:cdpVersion: 139.0.7258.155, setWindowRect: true, strictFileInteractability: false, timeouts: {implicit: 0, pageLoad: 300000, script: 30000}, unhandledPromptBehavior: dismiss and notify, webauthn:extension:credBlob: true, webauthn:extension:largeBlob: true, webauthn:extension:minPinLength: true, webauthn:extension:prf: true, webauthn:virtualAuthenticators: true}
Session ID: 78f1f6347cf17c1751eb072414bdcc76
	at org.openqa.selenium.remote.http.jdk.JdkHttpClient.execute(JdkHttpClient.java:427)
	at org.openqa.selenium.remote.HttpCommandExecutor.execute(HttpCommandExecutor.java:212)
	at org.openqa.selenium.remote.service.DriverCommandExecutor.invokeExecute(DriverCommandExecutor.java:216)
	at org.openqa.selenium.remote.service.DriverCommandExecutor.execute(DriverCommandExecutor.java:174)
	at org.openqa.selenium.remote.RemoteWebDriver.execute(RemoteWebDriver.java:544)
	at org.openqa.selenium.remote.RemoteWebDriver.get(RemoteWebDriver.java:312)
	at utility.GenericMethods.launchURL(GenericMethods.java:42)
	at test.EntityLogin.Login(EntityLogin.java:19)
	at java.base/jdk.internal.reflect.NativeMethodAccessorImpl.invoke0(Native Method)
	at java.base/jdk.internal.reflect.NativeMethodAccessorImpl.invoke(NativeMethodAccessorImpl.java:77)
	at java.base/jdk.internal.reflect.DelegatingMethodAccessorImpl.invoke(DelegatingMethodAccessorImpl.java:43)
	at java.base/java.lang.reflect.Method.invoke(Method.java:569)
	at org.testng.internal.invokers.MethodInvocationHelper.invokeMethod(MethodInvocationHelper.java:141)
	at org.testng.internal.invokers.TestInvoker.invokeMethod(TestInvoker.java:687)
	at org.testng.internal.invokers.TestInvoker.invokeTestMethod(TestInvoker.java:230)
	at org.testng.internal.invokers.MethodRunner.runInSequence(MethodRunner.java:63)
	at org.testng.internal.invokers.TestInvoker$MethodInvocationAgent.invoke(TestInvoker.java:995)
	at org.testng.internal.invokers.TestInvoker.invokeTestMethods(TestInvoker.java:203)
	at org.testng.internal.invokers.TestMethodWorker.invokeTestMethods(TestMethodWorker.java:154)
	at org.testng.internal.invokers.TestMethodWorker.run(TestMethodWorker.java:134)
	at java.base/java.util.ArrayList.forEach(ArrayList.java:1511)
	at org.testng.TestRunner.privateRun(TestRunner.java:741)
	at org.testng.TestRunner.run(TestRunner.java:616)
	at org.testng.SuiteRunner.runTest(SuiteRunner.java:421)
	at org.testng.SuiteRunner.runSequentially(SuiteRunner.java:413)
	at org.testng.SuiteRunner.privateRun(SuiteRunner.java:373)
	at org.testng.SuiteRunner.run(SuiteRunner.java:312)
	at org.testng.SuiteRunnerWorker.runSuite(SuiteRunnerWorker.java:52)
	at org.testng.SuiteRunnerWorker.run(SuiteRunnerWorker.java:95)
	at org.testng.TestNG.runSuitesSequentially(TestNG.java:1274)
	at org.testng.TestNG.runSuitesLocally(TestNG.java:1208)
	at org.testng.TestNG.runSuites(TestNG.java:1112)
	at org.testng.TestNG.run(TestNG.java:1079)
	at com.intellij.rt.testng.IDEARemoteTestNG.run(IDEARemoteTestNG.java:65)
	at com.intellij.rt.testng.RemoteTestNGStarter.main(RemoteTestNGStarter.java:105)
Caused by: java.util.concurrent.TimeoutException
	at java.base/java.util.concurrent.CompletableFuture$Timeout.run(CompletableFuture.java:2874)
	at java.base/java.util.concurrent.Executors$RunnableAdapter.call(Executors.java:539)
	at java.base/java.util.concurrent.FutureTask.run$$$capture(FutureTask.java:264)
	at java.base/java.util.concurrent.FutureTask.run(FutureTask.java)
	at --- Async.Stack.Trace --- (captured by IntelliJ IDEA debugger)
	at java.base/java.util.concurrent.FutureTask.<init>(FutureTask.java:151)
	at java.base/java.util.concurrent.ScheduledThreadPoolExecutor$ScheduledFutureTask.<init>(ScheduledThreadPoolExecutor.java:215)
	at java.base/java.util.concurrent.ScheduledThreadPoolExecutor.schedule(ScheduledThreadPoolExecutor.java:561)
	at java.base/java.util.concurrent.CompletableFuture$Delayer.delay(CompletableFuture.java:2823)
	at java.base/java.util.concurrent.CompletableFuture.orTimeout(CompletableFuture.java:2707)
	at org.openqa.selenium.remote.http.jdk.JdkHttpClient.executeAsync(JdkHttpClient.java:408)
	at org.openqa.selenium.remote.http.jdk.JdkHttpClient.execute(JdkHttpClient.java:413)
	... 34 more
2025-09-04 14:44:59 INFO  Dashboard:34 - Failed to click on Create Project: null
2025-09-04 15:12:18 INFO  SuiteSetup:54 - Configured Logger File
2025-09-04 15:12:22 INFO  ObjectRepository:23 - Login page object created
2025-09-04 15:12:22 INFO  ObjectRepository:32 - Login page object created
2025-09-04 15:12:22 INFO  ObjectRepository:41 - Dashboard page object created
2025-09-04 15:12:22 INFO  ObjectRepository:50 - Step1 page object created
2025-09-04 15:12:22 INFO  ObjectRepository:59 - Step2_Flow1 page object created
2025-09-04 15:12:22 INFO  ExtentReportListener:43 - URL launched: https://eoi.coditas.org/
2025-09-04 15:12:45 INFO  Projects:49 - unable to click on applicant sign up/sign in button
2025-09-04 15:13:08 INFO  Dashboard:34 - Failed to click on Create Project: null
2025-09-04 15:13:40 INFO  SuiteSetup:54 - Configured Logger File
2025-09-04 15:13:44 INFO  ObjectRepository:23 - Login page object created
2025-09-04 15:13:44 INFO  ObjectRepository:32 - Login page object created
2025-09-04 15:13:44 INFO  ObjectRepository:41 - Dashboard page object created
2025-09-04 15:13:44 INFO  ObjectRepository:50 - Step1 page object created
2025-09-04 15:13:44 INFO  ObjectRepository:59 - Step2_Flow1 page object created
2025-09-04 15:13:50 INFO  ExtentReportListener:43 - URL launched: https://eoi.coditas.org/
2025-09-04 15:13:51 INFO  Projects:47 - clicked on applicant sign up/sign in button
2025-09-04 15:13:52 INFO  EntitySignIn:40 - clicked on Entity locker sign in button
2025-09-04 15:13:57 INFO  EntitySignIn:50 - Entered mobile number: 8149260522
2025-09-04 15:13:58 INFO  EntitySignIn:59 - Clicked on Next button
2025-09-04 15:13:59 INFO  EntitySignIn:68 - Entered profile pin: 747259
2025-09-04 15:14:02 INFO  EntitySignIn:59 - Clicked on Next button
2025-09-04 15:14:12 INFO  EntitySignIn:89 - OTP input not displayed : no such element: Unable to locate element: {"method":"css selector","selector":"#a_otp_1"}
  (Session info: chrome=139.0.7258.155)
For documentation on this error, please visit: https://www.selenium.dev/documentation/webdriver/troubleshooting/errors#no-such-element-exception
Build info: version: '4.33.0', revision: '2c6aaad03a'
System info: os.name: 'Windows 10', os.arch: 'amd64', os.version: '10.0', java.version: '17.0.16'
Driver info: org.openqa.selenium.chrome.ChromeDriver
Command: [247dbea688292db1e9a2ddebac56fad9, findElement {using=id, value=a_otp_1}]
Capabilities {acceptInsecureCerts: false, browserName: chrome, browserVersion: 139.0.7258.155, chrome: {chromedriverVersion: 139.0.7258.154 (9e0d6b2b47f..., userDataDir: C:\Users\CODITA~1\AppData\L...}, fedcm:accounts: true, goog:chromeOptions: {debuggerAddress: localhost:50431}, networkConnectionEnabled: false, pageLoadStrategy: normal, platformName: windows, proxy: Proxy(), se:cdp: ws://localhost:50431/devtoo..., se:cdpVersion: 139.0.7258.155, setWindowRect: true, strictFileInteractability: false, timeouts: {implicit: 0, pageLoad: 300000, script: 30000}, unhandledPromptBehavior: dismiss and notify, webauthn:extension:credBlob: true, webauthn:extension:largeBlob: true, webauthn:extension:minPinLength: true, webauthn:extension:prf: true, webauthn:virtualAuthenticators: true}
Session ID: 247dbea688292db1e9a2ddebac56fad9
2025-09-04 15:14:12 INFO  ExtentReportListener:45 - Test Passed: Login
2025-09-04 15:14:13 INFO  Dashboard:32 - Clicked on Create Project
2025-09-04 15:14:14 INFO  Dashboard:41 - Entered project name: Development of a Scalable and Secure Cloud-Native Platform for Real-Time Analytics, Monitoring, and Automated Decision-Making Across Industries  334
2025-09-04 15:14:14 INFO  Dashboard:50 - Clicked on Save button
2025-09-04 15:14:14 INFO  ExtentReportListener:45 - Test Passed: CreateProject
2025-09-04 15:14:37 INFO  SuiteSetup:54 - Configured Logger File
2025-09-04 15:14:41 INFO  ObjectRepository:23 - Login page object created
2025-09-04 15:14:41 INFO  ObjectRepository:32 - Login page object created
2025-09-04 15:14:41 INFO  ObjectRepository:41 - Dashboard page object created
2025-09-04 15:14:41 INFO  ObjectRepository:50 - Step1 page object created
2025-09-04 15:14:41 INFO  ObjectRepository:59 - Step2_Flow1 page object created
2025-09-04 15:14:43 INFO  ExtentReportListener:43 - URL launched: https://eoi.coditas.org/
2025-09-04 15:14:44 INFO  Projects:47 - clicked on applicant sign up/sign in button
2025-09-04 15:14:45 INFO  EntitySignIn:40 - clicked on Entity locker sign in button
2025-09-04 15:14:48 INFO  EntitySignIn:50 - Entered mobile number: 8149260522
2025-09-04 15:14:48 INFO  EntitySignIn:59 - Clicked on Next button
2025-09-04 15:14:49 INFO  EntitySignIn:68 - Entered profile pin: 747259
2025-09-04 15:14:49 INFO  EntitySignIn:59 - Clicked on Next button
2025-09-04 15:15:02 INFO  EntitySignIn:89 - OTP input not displayed : no such element: Unable to locate element: {"method":"css selector","selector":"#a_otp_1"}
  (Session info: chrome=139.0.7258.155)
For documentation on this error, please visit: https://www.selenium.dev/documentation/webdriver/troubleshooting/errors#no-such-element-exception
Build info: version: '4.33.0', revision: '2c6aaad03a'
System info: os.name: 'Windows 10', os.arch: 'amd64', os.version: '10.0', java.version: '17.0.16'
Driver info: org.openqa.selenium.chrome.ChromeDriver
Command: [0d82c3bae2d6f057cc4ec02fc53a8388, findElement {value=a_otp_1, using=id}]
Capabilities {acceptInsecureCerts: false, browserName: chrome, browserVersion: 139.0.7258.155, chrome: {chromedriverVersion: 139.0.7258.154 (9e0d6b2b47f..., userDataDir: C:\Users\CODITA~1\AppData\L...}, fedcm:accounts: true, goog:chromeOptions: {debuggerAddress: localhost:50576}, networkConnectionEnabled: false, pageLoadStrategy: normal, platformName: windows, proxy: Proxy(), se:cdp: ws://localhost:50576/devtoo..., se:cdpVersion: 139.0.7258.155, setWindowRect: true, strictFileInteractability: false, timeouts: {implicit: 0, pageLoad: 300000, script: 30000}, unhandledPromptBehavior: dismiss and notify, webauthn:extension:credBlob: true, webauthn:extension:largeBlob: true, webauthn:extension:minPinLength: true, webauthn:extension:prf: true, webauthn:virtualAuthenticators: true}
Session ID: 0d82c3bae2d6f057cc4ec02fc53a8388
2025-09-04 15:15:02 INFO  ExtentReportListener:45 - Test Passed: Login
2025-09-04 15:15:02 INFO  Dashboard:32 - Clicked on Create Project
2025-09-04 15:15:03 INFO  Dashboard:41 - Entered project name: Development of a Scalable and Secure Cloud-Native Platform for Real-Time Analytics, Monitoring, and Automated Decision-Making Across Industries  833
2025-09-04 15:15:03 INFO  Dashboard:50 - Clicked on Save button
2025-09-04 15:15:03 INFO  ExtentReportListener:45 - Test Passed: CreateProject
2025-09-04 15:15:06 INFO  ExtentReportListener:105 - Random option selected
2025-09-04 15:15:06 INFO  Step1:112 - Sub-Priority Option clicked.
2025-09-04 15:15:07 INFO  ExtentReportListener:177 - Options Selected : Neglected Tropical Diseases relevant to India
2025-09-04 15:15:07 INFO  ExtentReportListener:177 - Options Selected : Rare Disease in India
2025-09-04 15:15:08 INFO  ExtentReportListener:177 - Options Selected : Antimicrobial resistance priority pathogens
2025-09-04 15:15:08 INFO  ExtentReportListener:177 - Options Selected : Vaccine for vaccinepreventable diseases
2025-09-04 15:15:09 INFO  ExtentReportListener:177 - Options Selected : Dengue and chikungunya
2025-09-04 15:15:09 INFO  ExtentReportListener:177 - Options Selected : Echinococcosis
2025-09-04 15:15:10 INFO  ExtentReportListener:177 - Options Selected : Leishmaniasis
2025-09-04 15:15:10 INFO  ExtentReportListener:177 - Options Selected : Leprosy
2025-09-04 15:15:10 INFO  ExtentReportListener:177 - Options Selected : Lymphatic filariasis
2025-09-04 15:15:11 INFO  ExtentReportListener:177 - Options Selected : Mycetoma, chromoblastomycosis and other deep mycoses
2025-09-04 15:15:11 INFO  ExtentReportListener:177 - Options Selected : Rabies
2025-09-04 15:15:11 INFO  ExtentReportListener:177 - Options Selected : Scabies and other ectoparasitoses
2025-09-04 15:15:12 INFO  ExtentReportListener:177 - Options Selected : G1008
Disorders amenable to treatment with Hematopoietic Stem Cell Transplantation (HSCT)
>>MSUD (Maple Syrup Urine Disease)
2025-09-04 15:15:12 INFO  ExtentReportListener:177 - Options Selected : G1103
Disorders amenable to organ transplantation
>>MSUD (Maple Syrup Urine Disease)
2025-09-04 15:15:12 INFO  ExtentReportListener:177 - Options Selected : G2002
Disorders managed with special dietary formulae or Food for special medical purposes (FSMP)
>>Maple Syrup Urine Disease (MSUD)
2025-09-04 15:15:13 INFO  ExtentReportListener:177 - Options Selected : G3008
Based on the literature sufficient evidence for good long-term outcomes exists for the following disorders
>>DNAase for Cystic Fibrosis.
2025-09-04 15:15:13 INFO  ExtentReportListener:177 - Options Selected : G3101
For the following disorders for which the cost of treatment is very high and either long term follow up literature is awaited or has been done on small number of patients
>>Cystic Fibrosis (Potentiators)
2025-09-04 15:15:14 INFO  ExtentReportListener:177 - Options Selected : G1106
Disorders amenable to organ transplantation
>>Fabry disease
2025-09-04 15:15:14 INFO  ExtentReportListener:177 - Options Selected : G3005
Based on the literature sufficient evidence for good long-term outcomes exists for the following disorders
>>Fabry Disease diagnosed before significant end organ damage
2025-09-04 15:15:14 INFO  ExtentReportListener:177 - Options Selected : G1007
Disorders amenable to treatment with Hematopoietic Stem Cell Transplantation (HSCT)
>>Glycogen storage disorders (GSD) I, III and IV due to poor metabolic control, multiple liver adenomas, or high risk for Hepatocellular carcinoma or evidence of substantial cirrhosis or liver dysfunction or progressive liver failure
2025-09-04 15:15:15 INFO  ExtentReportListener:177 - Options Selected : G1006
Disorders amenable to treatment with Hematopoietic Stem Cell Transplantation (HSCT)
>>Tyrosinemia
2025-09-04 15:15:15 INFO  ExtentReportListener:177 - Options Selected : G2101
Disorders that are amenable to other forms of therapy (hormone/ specific drugs)
>>NTBC for Tyrosinemia Type 1
2025-09-04 15:15:15 INFO  ExtentReportListener:177 - Options Selected : G2106
Disorders that are amenable to other forms of therapy (hormone/ specific drugs)
>>Sodium Benzoate, arginine, citrulline, phenylacetate (Urea Cycle disorders), carbarglu, Megavitamin therapy (Organic acidemias, mitochondrial disorders)
2025-09-04 15:15:16 INFO  ExtentReportListener:177 - Options Selected : G1002
Disorders amenable to treatment with Hematopoietic Stem Cell Transplantation (HSCT)
>>Adrenoleukodystrophy (early stages), before the onset of hard neurological signs.
2025-09-04 15:15:16 INFO  ExtentReportListener:177 - Options Selected : G1003
Disorders amenable to treatment with Hematopoietic Stem Cell Transplantation (HSCT)
>>Immune deficiency disorders like Severe Combined Immunodeficiency (SCID), Chronic Granulomatous disease, Wiskot Aldrich Syndrome etc.
2025-09-04 15:15:16 INFO  ExtentReportListener:177 - Options Selected : G1107
Disorders amenable to organ transplantation
>>Autosomal dominant Polycystic Kidney Disease (ADPKD) etc.
2025-09-04 15:15:17 INFO  ExtentReportListener:177 - Options Selected : G1109
Disorders amenable to organ transplantation
>>Patients requiring combined liver and kidney transplants can also be considered if the same ceiling of funds is maintained. (Rarely Methyl Malonicaciduria may require combined liver & Kidney transplant) etc.
2025-09-04 15:15:17 INFO  ExtentReportListener:177 - Options Selected : G2009
Disorders managed with special dietary formulae or Food for special medical purposes (FSMP)
>>Propionic Acidemia
2025-09-04 15:15:17 INFO  ExtentReportListener:177 - Options Selected : G2010
Disorders managed with special dietary formulae or Food for special medical purposes (FSMP)
>>Isovaleric Acidemia
2025-09-04 15:15:18 INFO  ExtentReportListener:177 - Options Selected : G2011
Disorders managed with special dietary formulae or Food for special medical purposes (FSMP)
>>Leucine sensitive hypoglycemia
2025-09-04 15:15:18 INFO  ExtentReportListener:177 - Options Selected : G2012
Disorders managed with special dietary formulae or Food for special medical purposes (FSMP)
>>Galactosemia
2025-09-04 15:15:18 INFO  ExtentReportListener:177 - Options Selected : G2102
Disorders that are amenable to other forms of therapy (hormone/ specific drugs)
>>Osteogenes isImperfecta - Bisphosphonates therapy
2025-09-04 15:15:19 INFO  ExtentReportListener:177 - Options Selected : G2105
Disorders that are amenable to other forms of therapy (hormone/ specific drugs)
>>Primary Immune deficiency disorders - Intravenous immunoglobulin and subcutaneous therapy (IVIG) replacement e.g., X-linked agammablobulinemia etc.
2025-09-04 15:15:19 INFO  ExtentReportListener:177 - Options Selected : G2107
Disorders that are amenable to other forms of therapy (hormone/ specific drugs)
>>Others - Hemin (Panhematin) for Acute Intermittent Porphyria, High dose Hydroxocobalamin injections (30mg/ml formulation not available in India and hence expensive if imported)
2025-09-04 15:15:19 INFO  ExtentReportListener:177 - Options Selected : G2108
Disorders that are amenable to other forms of therapy (hormone/ specific drugs)
>>Large neutral aminoacids, mitochondrial cocktail therapy, Sapropterin and other such molecules of proven clinical management in a subset of disorders
2025-09-04 15:15:20 INFO  ExtentReportListener:177 - Options Selected : G3001
Based on the literature sufficient evidence for good long-term outcomes exists for the following disorders
>>Gaucher Disease (Type I & III without significant neurological impairment)
2025-09-04 15:15:20 INFO  ExtentReportListener:177 - Options Selected : G3003
Based on the literature sufficient evidence for good long-term outcomes exists for the following disorders
>>Hurler Syndrome [Mucopolysaccharariosis (MPS) Type I] (attenuated forms)
2025-09-04 15:15:20 INFO  ExtentReportListener:177 - Options Selected : G3004
Based on the literature sufficient evidence for good long-term outcomes exists for the following disorders
>>Pompe Disease (Both infantile & late onset diagnosed early before development of complications)
2025-09-04 15:15:21 INFO  ExtentReportListener:177 - Options Selected : G3006
Based on the literature sufficient evidence for good long-term outcomes exists for the following disorders
>>MPS IVA before development of disease complications
2025-09-04 15:15:21 INFO  ExtentReportListener:177 - Options Selected : G3007
Based on the literature sufficient evidence for good long-term outcomes exists for the following disorders
>>MPS VI before development of disease complications
2025-09-04 15:15:22 INFO  ExtentReportListener:177 - Options Selected : G3013
For the following disorders for which the cost of treatment is very high and either long term follow up literature is awaited or has been done on small number of patients
>>Spinal Muscular Atrophy (Antisense oligonucleotides both intravenous & oral & gene therapy)
2025-09-04 15:15:22 INFO  ExtentReportListener:177 - Options Selected : G3014
For the following disorders for which the cost of treatment is very high and either long term follow up literature is awaited or has been done on small number of patients
>>Wolman Disease
2025-09-04 15:15:22 INFO  ExtentReportListener:177 - Options Selected : G3106
For the following disorders for which the cost of treatment is very high and either long term follow up literature is awaited or has been done on small number of patients
>>Neuronal ceroid lipofuscinosis
2025-09-04 15:15:23 INFO  ExtentReportListener:177 - Options Selected : Non-fermenting bacteria (Acinetobacter baumannii and Pseudomonas aeruginosa)
> Carbapenem  Resistant
> Colistin  Resistant
2025-09-04 15:15:23 INFO  ExtentReportListener:177 - Options Selected : Enterococcus species
> Vancomycin  Resistant
> Linezolid  Resistant
> Daptomycin  Non-Susceptible
2025-09-04 15:15:24 INFO  ExtentReportListener:177 - Options Selected : Salmonella species (Typhoidal and Non-typhoidal)
> Azithromycin  Non-Susceptible
> Third generation cephalosporins  Non-Susceptible
> Carbapenem  Non-Susceptible
2025-09-04 15:15:24 INFO  ExtentReportListener:177 - Options Selected : Streptococcus pneumoniae
> Cephalosporin  Resistant
> Fluoroquinolones  Resistant
> Linezolid  Resistant
2025-09-04 15:15:24 INFO  ExtentReportListener:177 - Options Selected : Shigella species
> Third generation cephalosporins  Resistant
> Azithromycin  Resistant
2025-09-04 15:15:25 INFO  ExtentReportListener:177 - Options Selected : Haemophilus influenzae
> Third generation cephalosporin  Non-Susceptible
> Carbapenem  Non-Susceptible
2025-09-04 15:15:25 INFO  ExtentReportListener:177 - Options Selected : Neisseria meningitidis
> Fluoroquinolones  Non-Susceptible
> Third generation cephalosporins  Non-Susceptible
2025-09-04 15:15:25 INFO  ExtentReportListener:177 - Options Selected : Shigella
2025-09-04 15:15:26 INFO  ExtentReportListener:177 - Options Selected : Chikungunya
2025-09-04 15:15:26 INFO  ExtentReportListener:177 - Options Selected : Cholera
2025-09-04 15:15:26 INFO  ExtentReportListener:177 - Options Selected : Tetanus
2025-09-04 15:15:27 INFO  ExtentReportListener:177 - Options Selected : Tick-borne encephalitis
2025-09-04 15:15:27 INFO  ExtentReportListener:177 - Options Selected : Dengue
2025-09-04 15:15:27 INFO  ExtentReportListener:177 - Options Selected : Diphtheria
2025-09-04 15:15:28 INFO  ExtentReportListener:177 - Options Selected : Tuberculosis
2025-09-04 15:15:28 INFO  ExtentReportListener:177 - Options Selected : Varicella
2025-09-04 15:15:28 INFO  ExtentReportListener:177 - Options Selected : Haemophilus influenzae type b (Hib)
2025-09-04 15:15:28 INFO  ExtentReportListener:177 - Options Selected : Herpes Simplex Virus
2025-09-04 15:15:29 INFO  ExtentReportListener:177 - Options Selected : Improved Influenza Vaccines
2025-09-04 15:15:29 INFO  ExtentReportListener:177 - Options Selected : Influenza
2025-09-04 15:15:29 INFO  ExtentReportListener:177 - Options Selected : Japanese encephalitis
2025-09-04 15:15:30 INFO  ExtentReportListener:177 - Options Selected : Malaria
2025-09-04 15:15:30 INFO  ExtentReportListener:177 - Options Selected : Measles
2025-09-04 15:15:30 INFO  ExtentReportListener:177 - Options Selected : Neisseria gonorrhoeae
2025-09-04 15:15:31 INFO  ExtentReportListener:177 - Options Selected : Pertussis
2025-09-04 15:15:31 INFO  ExtentReportListener:177 - Options Selected : Poliomyelitis
2025-09-04 15:15:31 INFO  ExtentReportListener:177 - Options Selected : Rabies
2025-09-04 15:15:32 INFO  ExtentReportListener:177 - Options Selected : Respiratory Syncytial Virus (RSV)
2025-09-04 15:15:32 INFO  ExtentReportListener:177 - Options Selected : Rubella
2025-09-04 15:15:32 INFO  ExtentReportListener:177 - Options Selected : Schistosomiasis Disease
2025-09-04 15:15:32 INFO  ExtentReportListener:45 - Test Passed: step2Flow1
